Using pre-set license
Built from '2021.3/staging' branch; Version is '2021.3.11f1 (0a5ca18544bf) revision 679073'; Using compiler version '192829333'; Build Type 'Release'
OS: 'Windows 10  (10.0.19043) 64bit Professional' Language: 'pl' Physical Memory: 16257 MB
BatchMode: 1, IsHumanControllingUs: 0, StartBugReporterOnCrash: 0, Is64bit: 1, IsPro: 1

COMMAND LINE ARGUMENTS:
E:\UNITY\HUB\2021.3.11f1\Editor\Unity.exe
-adb2
-batchMode
-noUpm
-name
AssetImportWorker1
-projectPath
E:/UNITY/MyGames/Settler/Settler-The-Genesis
-logFile
Logs/AssetImportWorker1.log
-srvPort
57521
Successfully changed project path to: E:/UNITY/MyGames/Settler/Settler-The-Genesis
E:/UNITY/MyGames/Settler/Settler-The-Genesis
[UnityMemory] Configuration Parameters - Can be set up in boot.config
    "memorysetup-bucket-allocator-granularity=16"
    "memorysetup-bucket-allocator-bucket-count=8"
    "memorysetup-bucket-allocator-block-size=33554432"
    "memorysetup-bucket-allocator-block-count=8"
    "memorysetup-main-allocator-block-size=16777216"
    "memorysetup-thread-allocator-block-size=16777216"
    "memorysetup-gfx-main-allocator-block-size=16777216"
    "memorysetup-gfx-thread-allocator-block-size=16777216"
    "memorysetup-cache-allocator-block-size=4194304"
    "memorysetup-typetree-allocator-block-size=2097152"
    "memorysetup-profiler-bucket-allocator-granularity=16"
    "memorysetup-profiler-bucket-allocator-bucket-count=8"
    "memorysetup-profiler-bucket-allocator-block-size=33554432"
    "memorysetup-profiler-bucket-allocator-block-count=8"
    "memorysetup-profiler-allocator-block-size=16777216"
    "memorysetup-profiler-editor-allocator-block-size=1048576"
    "memorysetup-temp-allocator-size-main=16777216"
    "memorysetup-job-temp-allocator-block-size=2097152"
    "memorysetup-job-temp-allocator-block-size-background=1048576"
    "memorysetup-job-temp-allocator-reduction-small-platforms=262144"
    "memorysetup-temp-allocator-size-background-worker=32768"
    "memorysetup-temp-allocator-size-job-worker=262144"
    "memorysetup-temp-allocator-size-preload-manager=33554432"
    "memorysetup-temp-allocator-size-nav-mesh-worker=65536"
    "memorysetup-temp-allocator-size-audio-worker=65536"
    "memorysetup-temp-allocator-size-cloud-worker=32768"
    "memorysetup-temp-allocator-size-gi-baking-worker=262144"
    "memorysetup-temp-allocator-size-gfx=262144"
Refreshing native plugins compatible for Editor in 91.12 ms, found 3 plugins.
Preloading 0 native plugins for Editor in 0.00 ms.
Initialize engine version: 2021.3.11f1 (0a5ca18544bf)
[Subsystems] Discovering subsystems at path E:/UNITY/HUB/2021.3.11f1/Editor/Data/Resources/UnitySubsystems
[Subsystems] Discovering subsystems at path E:/UNITY/MyGames/Settler/Settler-The-Genesis/Assets
GfxDevice: creating device client; threaded=0; jobified=0
Direct3D:
    Version:  Direct3D 11.0 [level 11.1]
    Renderer: NVIDIA GeForce GTX 1050 Ti (ID=0x1c8c)
    Vendor:   NVIDIA
    VRAM:     4018 MB
    Driver:   27.21.14.5749
Initialize mono
Mono path[0] = 'E:/UNITY/HUB/2021.3.11f1/Editor/Data/Managed'
Mono path[1] = 'E:/UNITY/HUB/2021.3.11f1/Editor/Data/MonoBleedingEdge/lib/mono/unityjit-win32'
Mono config path = 'E:/UNITY/HUB/2021.3.11f1/Editor/Data/MonoBleedingEdge/etc'
Using monoOptions --debugger-agent=transport=dt_socket,embedding=1,server=y,suspend=n,address=127.0.0.1:56096
Begin MonoManager ReloadAssembly
Registering precompiled unity dll's ...
Register platform support module: E:/UNITY/HUB/2021.3.11f1/Editor/Data/PlaybackEngines/WebGLSupport/UnityEditor.WebGL.Extensions.dll
Register platform support module: E:/UNITY/HUB/2021.3.11f1/Editor/Data/PlaybackEngines/WindowsStandaloneSupport/UnityEditor.WindowsStandalone.Extensions.dll
Registered in 0.003772 seconds.
Native extension for WindowsStandalone target not found
Native extension for WebGL target not found
Refreshing native plugins compatible for Editor in 95.78 ms, found 3 plugins.
Preloading 0 native plugins for Editor in 0.00 ms.
Mono: successfully reloaded assembly
- Completed reload, in  0.688 seconds
Domain Reload Profiling:
	ReloadAssembly (689ms)
		BeginReloadAssembly (72ms)
			ExecutionOrderSort (0ms)
			DisableScriptedObjects (0ms)
			BackupInstance (0ms)
			ReleaseScriptingObjects (0ms)
			CreateAndSetChildDomain (1ms)
		EndReloadAssembly (499ms)
			LoadAssemblies (71ms)
			RebuildTransferFunctionScriptingTraits (0ms)
			SetupTypeCache (124ms)
			ReleaseScriptCaches (0ms)
			RebuildScriptCaches (32ms)
			SetupLoadedEditorAssemblies (294ms)
				LogAssemblyErrors (0ms)
				InitializePlatformSupportModulesInManaged (7ms)
				SetLoadedEditorAssemblies (0ms)
				RefreshPlugins (96ms)
				BeforeProcessingInitializeOnLoad (2ms)
				ProcessInitializeOnLoadAttributes (143ms)
				ProcessInitializeOnLoadMethodAttributes (45ms)
				AfterProcessingInitializeOnLoad (0ms)
				EditorAssembliesLoaded (0ms)
			ExecutionOrderSort2 (0ms)
			AwakeInstancesAfterBackupRestoration (0ms)
Platform modules already initialized, skipping
Registering precompiled user dll's ...
Registered in 0.004160 seconds.
Begin MonoManager ReloadAssembly
Symbol file LoadedFromMemory doesn't match image E:\UNITY\MyGames\Settler\Settler-The-Genesis\Library\PackageCache\com.unity.visualscripting@1.7.8\Editor\VisualScripting.Core\Dependencies\YamlDotNet\Unity.VisualScripting.YamlDotNet.dll
Symbol file LoadedFromMemory doesn't match image E:\UNITY\MyGames\Settler\Settler-The-Genesis\Library\PackageCache\com.unity.visualscripting@1.7.8\Editor\VisualScripting.Core\Dependencies\DotNetZip\Unity.VisualScripting.IonicZip.dll
Native extension for WindowsStandalone target not found
Native extension for WebGL target not found
Refreshing native plugins compatible for Editor in 0.70 ms, found 3 plugins.
Preloading 0 native plugins for Editor in 0.00 ms.
Mono: successfully reloaded assembly
- Completed reload, in  1.114 seconds
Domain Reload Profiling:
	ReloadAssembly (1115ms)
		BeginReloadAssembly (111ms)
			ExecutionOrderSort (0ms)
			DisableScriptedObjects (6ms)
			BackupInstance (0ms)
			ReleaseScriptingObjects (0ms)
			CreateAndSetChildDomain (20ms)
		EndReloadAssembly (879ms)
			LoadAssemblies (84ms)
			RebuildTransferFunctionScriptingTraits (0ms)
			SetupTypeCache (300ms)
			ReleaseScriptCaches (1ms)
			RebuildScriptCaches (53ms)
			SetupLoadedEditorAssemblies (400ms)
				LogAssemblyErrors (0ms)
				InitializePlatformSupportModulesInManaged (6ms)
				SetLoadedEditorAssemblies (0ms)
				RefreshPlugins (1ms)
				BeforeProcessingInitializeOnLoad (91ms)
				ProcessInitializeOnLoadAttributes (268ms)
				ProcessInitializeOnLoadMethodAttributes (29ms)
				AfterProcessingInitializeOnLoad (4ms)
				EditorAssembliesLoaded (0ms)
			ExecutionOrderSort2 (0ms)
			AwakeInstancesAfterBackupRestoration (7ms)
Platform modules already initialized, skipping
========================================================================
Worker process is ready to serve import requests
Launched and connected shader compiler UnityShaderCompiler.exe after 0.05 seconds
Refreshing native plugins compatible for Editor in 0.57 ms, found 3 plugins.
Preloading 0 native plugins for Editor in 0.00 ms.
Unloading 3393 Unused Serialized files (Serialized files now loaded: 0)
Unloading 27 unused Assets / (113.9 KB). Loaded Objects now: 3853.
Memory consumption went from 118.2 MB to 118.1 MB.
Total: 3.506200 ms (FindLiveObjects: 0.262200 ms CreateObjectMapping: 0.183000 ms MarkObjects: 2.955400 ms  DeleteObjects: 0.104900 ms)

AssetImportParameters requested are different than current active one (requested -> active):
  custom:video-decoder-ogg-theora: a1e56fd34408186e4bbccfd4996cb3dc -> 
  custom:container-muxer-webm: aa71ff27fc2769a1b78a27578f13a17b -> 
  custom:container-demuxer-webm: 4f35f7cbe854078d1ac9338744f61a02 -> 
  custom:video-encoder-webm-vp8: eb34c28f22e8b96e1ab97ce403110664 -> 
  custom:audio-encoder-webm-vorbis: bf7c407c2cedff20999df2af8eb42d56 -> 
  custom:framework-win-MediaFoundation: 216162199b28c13a410421893ffa2e32 -> 
  custom:container-demuxer-ogg: 62fdf1f143b41e24485cea50d1cbac27 -> 
  custom:video-decoder-webm-vp8: 9c59270c3fd7afecdb556c50c9e8de78 -> 
  custom:audio-decoder-ogg-vorbis: bf7c407c2cedff20999df2af8eb42d56 -> 
========================================================================
Received Import Request.
  Time since last request: 128427.234411 seconds.
  path: Assets/Polytope Studio
  artifactKey: Guid(f3bf3ed188e54cd49a8580b66a4786d3) Importer(815301076,1909f56bfc062723c751e8b465ee728b)
Start importing Assets/Polytope Studio using Guid(f3bf3ed188e54cd49a8580b66a4786d3) Importer(815301076,1909f56bfc062723c751e8b465ee728b)  -> (artifact id: '36cd4345d30740884c7d31ecc7be7b9a') in 0.009739 seconds 
========================================================================
Received Prepare
Registering precompiled user dll's ...
Registered in 0.004715 seconds.
Begin MonoManager ReloadAssembly
Symbol file LoadedFromMemory doesn't match image E:\UNITY\MyGames\Settler\Settler-The-Genesis\Library\PackageCache\com.unity.visualscripting@1.7.8\Editor\VisualScripting.Core\Dependencies\YamlDotNet\Unity.VisualScripting.YamlDotNet.dll
Symbol file LoadedFromMemory doesn't match image E:\UNITY\MyGames\Settler\Settler-The-Genesis\Library\PackageCache\com.unity.visualscripting@1.7.8\Editor\VisualScripting.Core\Dependencies\DotNetZip\Unity.VisualScripting.IonicZip.dll
Native extension for WindowsStandalone target not found
Native extension for WebGL target not found
Refreshing native plugins compatible for Editor in 0.79 ms, found 3 plugins.
Preloading 0 native plugins for Editor in 0.00 ms.
Mono: successfully reloaded assembly
- Completed reload, in  1.109 seconds
Domain Reload Profiling:
	ReloadAssembly (1110ms)
		BeginReloadAssembly (144ms)
			ExecutionOrderSort (0ms)
			DisableScriptedObjects (6ms)
			BackupInstance (0ms)
			ReleaseScriptingObjects (0ms)
			CreateAndSetChildDomain (36ms)
		EndReloadAssembly (868ms)
			LoadAssemblies (91ms)
			RebuildTransferFunctionScriptingTraits (0ms)
			SetupTypeCache (275ms)
			ReleaseScriptCaches (1ms)
			RebuildScriptCaches (51ms)
			SetupLoadedEditorAssemblies (400ms)
				LogAssemblyErrors (0ms)
				InitializePlatformSupportModulesInManaged (16ms)
				SetLoadedEditorAssemblies (1ms)
				RefreshPlugins (1ms)
				BeforeProcessingInitializeOnLoad (81ms)
				ProcessInitializeOnLoadAttributes (263ms)
				ProcessInitializeOnLoadMethodAttributes (34ms)
				AfterProcessingInitializeOnLoad (4ms)
				EditorAssembliesLoaded (0ms)
			ExecutionOrderSort2 (0ms)
			AwakeInstancesAfterBackupRestoration (9ms)
Platform modules already initialized, skipping
Refreshing native plugins compatible for Editor in 2.43 ms, found 3 plugins.
Preloading 0 native plugins for Editor in 0.00 ms.
Unloading 3386 Unused Serialized files (Serialized files now loaded: 0)
Unloading 20 unused Assets / (80.8 KB). Loaded Objects now: 3856.
Memory consumption went from 117.9 MB to 117.8 MB.
Total: 3.052100 ms (FindLiveObjects: 0.249000 ms CreateObjectMapping: 0.191800 ms MarkObjects: 2.484200 ms  DeleteObjects: 0.125800 ms)

AssetImportParameters requested are different than current active one (requested -> active):
  custom:video-decoder-ogg-theora: a1e56fd34408186e4bbccfd4996cb3dc -> 
  custom:container-muxer-webm: aa71ff27fc2769a1b78a27578f13a17b -> 
  custom:container-demuxer-webm: 4f35f7cbe854078d1ac9338744f61a02 -> 
  custom:video-encoder-webm-vp8: eb34c28f22e8b96e1ab97ce403110664 -> 
  custom:audio-encoder-webm-vorbis: bf7c407c2cedff20999df2af8eb42d56 -> 
  custom:framework-win-MediaFoundation: 216162199b28c13a410421893ffa2e32 -> 
  custom:container-demuxer-ogg: 62fdf1f143b41e24485cea50d1cbac27 -> 
  custom:video-decoder-webm-vp8: 9c59270c3fd7afecdb556c50c9e8de78 -> 
  custom:audio-decoder-ogg-vorbis: bf7c407c2cedff20999df2af8eb42d56 -> 
========================================================================
Received Import Request.
  Time since last request: 456.580779 seconds.
  path: Assets/Polytope Studio/Lowpoly Medieval Weapons/Prefabs/PT_Medieval_Dagger_01_a.prefab
  artifactKey: Guid(cdb7a497e7ed62243984bf81f2c19ebc) Importer(815301076,1909f56bfc062723c751e8b465ee728b)
Start importing Assets/Polytope Studio/Lowpoly Medieval Weapons/Prefabs/PT_Medieval_Dagger_01_a.prefab using Guid(cdb7a497e7ed62243984bf81f2c19ebc) Importer(815301076,1909f56bfc062723c751e8b465ee728b)  -> (artifact id: '0c2737b82cbf04dff41c7caa1ffc651a') in 0.297036 seconds 
========================================================================
Received Import Request.
  Time since last request: 89.662492 seconds.
  path: Assets/Polytope Studio/Lowpoly Medieval Characters/Prefabs/Modular_NPC/Peasants_Citizens/PT_Medieval_Male_Modular_Free_Pack 1.prefab
  artifactKey: Guid(5b1f79dda76cb5c498c34f02ea3e78e4) Importer(815301076,1909f56bfc062723c751e8b465ee728b)
Start importing Assets/Polytope Studio/Lowpoly Medieval Characters/Prefabs/Modular_NPC/Peasants_Citizens/PT_Medieval_Male_Modular_Free_Pack 1.prefab using Guid(5b1f79dda76cb5c498c34f02ea3e78e4) Importer(815301076,1909f56bfc062723c751e8b465ee728b)  -> (artifact id: 'd3055c0095a3a7167a1d93c24b5f688a') in 0.205931 seconds 
========================================================================
Received Import Request.
  Time since last request: 0.000027 seconds.
  path: Assets/Polytope Studio/Lowpoly Medieval Characters/Prefabs/Modular_NPC/Peasants_Citizens/PT_Medieval_Male_Modular_Free_Pack.prefab
  artifactKey: Guid(d3f87f114f86a3b4f88996e8d2e99fd8) Importer(815301076,1909f56bfc062723c751e8b465ee728b)
Start importing Assets/Polytope Studio/Lowpoly Medieval Characters/Prefabs/Modular_NPC/Peasants_Citizens/PT_Medieval_Male_Modular_Free_Pack.prefab using Guid(d3f87f114f86a3b4f88996e8d2e99fd8) Importer(815301076,1909f56bfc062723c751e8b465ee728b)  -> (artifact id: '7b3e7811ca6182139d7513d8f66d7375') in 0.019084 seconds 
========================================================================
Received Import Request.
  Time since last request: 4.537931 seconds.
  path: Assets/Polytope Studio/Lowpoly Medieval Characters/Prefabs/Modular_NPC/Peasants_Citizens/Sets/PT_Medieval_Boy_Peasant_01.prefab
  artifactKey: Guid(2b56fc50dbd0b6d42953bc45b0f0622d) Importer(815301076,1909f56bfc062723c751e8b465ee728b)
Start importing Assets/Polytope Studio/Lowpoly Medieval Characters/Prefabs/Modular_NPC/Peasants_Citizens/Sets/PT_Medieval_Boy_Peasant_01.prefab using Guid(2b56fc50dbd0b6d42953bc45b0f0622d) Importer(815301076,1909f56bfc062723c751e8b465ee728b)  -> (artifact id: '68e514b838295dc1e5706a6250d0a486') in 0.157888 seconds 
========================================================================
Received Import Request.
  Time since last request: 0.000025 seconds.
  path: Assets/Polytope Studio/Lowpoly Medieval Characters/Prefabs/Modular_NPC/Peasants_Citizens/Sets/PT_Medieval_Female_Peasant_01_a.prefab
  artifactKey: Guid(25b8deb3033e5314a94c9c75eed29dcf) Importer(815301076,1909f56bfc062723c751e8b465ee728b)
Start importing Assets/Polytope Studio/Lowpoly Medieval Characters/Prefabs/Modular_NPC/Peasants_Citizens/Sets/PT_Medieval_Female_Peasant_01_a.prefab using Guid(25b8deb3033e5314a94c9c75eed29dcf) Importer(815301076,1909f56bfc062723c751e8b465ee728b)  -> (artifact id: '0eb87b7bef6af444f110765901b5dcaf') in 0.075991 seconds 
========================================================================
Received Import Request.
  Time since last request: 0.000019 seconds.
  path: Assets/Polytope Studio/Lowpoly Medieval Characters/Prefabs/Modular_NPC/Peasants_Citizens/Sets/PT_Medieval_Female_Naked.prefab
  artifactKey: Guid(e0b6d34d39c75f74e88518596625a130) Importer(815301076,1909f56bfc062723c751e8b465ee728b)
Start importing Assets/Polytope Studio/Lowpoly Medieval Characters/Prefabs/Modular_NPC/Peasants_Citizens/Sets/PT_Medieval_Female_Naked.prefab using Guid(e0b6d34d39c75f74e88518596625a130) Importer(815301076,1909f56bfc062723c751e8b465ee728b)  -> (artifact id: '308e520b029fb074b683930a0f65313b') in 0.044058 seconds 
========================================================================
Received Import Request.
  Time since last request: 0.000034 seconds.
  path: Assets/Polytope Studio/Lowpoly Medieval Characters/Prefabs/Modular_NPC/Peasants_Citizens/Sets/PT_Medieval_Male_Peasant_01.prefab
  artifactKey: Guid(c2af11c01d1176e4d98619176b00d199) Importer(815301076,1909f56bfc062723c751e8b465ee728b)
Start importing Assets/Polytope Studio/Lowpoly Medieval Characters/Prefabs/Modular_NPC/Peasants_Citizens/Sets/PT_Medieval_Male_Peasant_01.prefab using Guid(c2af11c01d1176e4d98619176b00d199) Importer(815301076,1909f56bfc062723c751e8b465ee728b)  -> (artifact id: '9e08cbfcb5ea10d7d38e7194ce0da640') in 0.021476 seconds 
========================================================================
Received Import Request.
  Time since last request: 2.124325 seconds.
  path: Assets/Polytope Studio/Lowpoly Medieval Characters/Prefabs/Modular_NPC/Peasants_Citizens/Separate_Parts/PT_Medieval_Boy_Naked_lower.prefab
  artifactKey: Guid(565a97966ab34c24e93a2eb452e78c90) Importer(815301076,1909f56bfc062723c751e8b465ee728b)
Start importing Assets/Polytope Studio/Lowpoly Medieval Characters/Prefabs/Modular_NPC/Peasants_Citizens/Separate_Parts/PT_Medieval_Boy_Naked_lower.prefab using Guid(565a97966ab34c24e93a2eb452e78c90) Importer(815301076,1909f56bfc062723c751e8b465ee728b)  -> (artifact id: '75602c25f78948e42c415abac7523bac') in 0.152980 seconds 
========================================================================
Received Import Request.
  Time since last request: 0.000029 seconds.
  path: Assets/Polytope Studio/Lowpoly Medieval Characters/Prefabs/Modular_NPC/Peasants_Citizens/Separate_Parts/PT_Medieval_Male_Naked_lower.prefab
  artifactKey: Guid(f7a9d7788cf83f44496e5f7ede0189ca) Importer(815301076,1909f56bfc062723c751e8b465ee728b)
Start importing Assets/Polytope Studio/Lowpoly Medieval Characters/Prefabs/Modular_NPC/Peasants_Citizens/Separate_Parts/PT_Medieval_Male_Naked_lower.prefab using Guid(f7a9d7788cf83f44496e5f7ede0189ca) Importer(815301076,1909f56bfc062723c751e8b465ee728b)  -> (artifact id: 'b13ee76fe8ccb8b5d170cc330a2bf1b1') in 0.030577 seconds 
========================================================================
Received Import Request.
  Time since last request: 0.000034 seconds.
  path: Assets/Polytope Studio/Lowpoly Medieval Characters/Prefabs/Modular_NPC/Peasants_Citizens/Separate_Parts/PT_Medieval_Female_Peasant_01_lower_skirt.prefab
  artifactKey: Guid(2a0e6aa763c57694192b69a75df952d6) Importer(815301076,1909f56bfc062723c751e8b465ee728b)
Start importing Assets/Polytope Studio/Lowpoly Medieval Characters/Prefabs/Modular_NPC/Peasants_Citizens/Separate_Parts/PT_Medieval_Female_Peasant_01_lower_skirt.prefab using Guid(2a0e6aa763c57694192b69a75df952d6) Importer(815301076,1909f56bfc062723c751e8b465ee728b)  -> (artifact id: '5fad6b0375b5eb3438eb0f134edb5f80') in 0.051560 seconds 
========================================================================
Received Import Request.
  Time since last request: 0.000023 seconds.
  path: Assets/Polytope Studio/Lowpoly Medieval Characters/Prefabs/Modular_NPC/Peasants_Citizens/Separate_Parts/PT_Medieval_Female_Naked_upper_short.prefab
  artifactKey: Guid(96a3f3c88d9d5594da72bd1b83ff35de) Importer(815301076,1909f56bfc062723c751e8b465ee728b)
Start importing Assets/Polytope Studio/Lowpoly Medieval Characters/Prefabs/Modular_NPC/Peasants_Citizens/Separate_Parts/PT_Medieval_Female_Naked_upper_short.prefab using Guid(96a3f3c88d9d5594da72bd1b83ff35de) Importer(815301076,1909f56bfc062723c751e8b465ee728b)  -> (artifact id: '390b20c8d70fe37914c59544ca898179') in 0.035356 seconds 
========================================================================
Received Import Request.
  Time since last request: 0.000028 seconds.
  path: Assets/Polytope Studio/Lowpoly Medieval Characters/Prefabs/Modular_NPC/Peasants_Citizens/Separate_Parts/PT_Medieval_Female_Naked_head.prefab
  artifactKey: Guid(10be5a9b5ebed674da26acc26a51e5dd) Importer(815301076,1909f56bfc062723c751e8b465ee728b)
Start importing Assets/Polytope Studio/Lowpoly Medieval Characters/Prefabs/Modular_NPC/Peasants_Citizens/Separate_Parts/PT_Medieval_Female_Naked_head.prefab using Guid(10be5a9b5ebed674da26acc26a51e5dd) Importer(815301076,1909f56bfc062723c751e8b465ee728b)  -> (artifact id: '38e07bf04a6df7faa060c8069f129db2') in 0.039023 seconds 
========================================================================
Received Import Request.
  Time since last request: 0.000024 seconds.
  path: Assets/Polytope Studio/Lowpoly Medieval Characters/Prefabs/Modular_NPC/Peasants_Citizens/Separate_Parts/PT_Medieval_Boy_Peasant_01_lower.prefab
  artifactKey: Guid(fc24af20bee2d46429822b873104cd7c) Importer(815301076,1909f56bfc062723c751e8b465ee728b)
Start importing Assets/Polytope Studio/Lowpoly Medieval Characters/Prefabs/Modular_NPC/Peasants_Citizens/Separate_Parts/PT_Medieval_Boy_Peasant_01_lower.prefab using Guid(fc24af20bee2d46429822b873104cd7c) Importer(815301076,1909f56bfc062723c751e8b465ee728b)  -> (artifact id: '0ebf8979bfd6051ba16223609e4596b0') in 0.027810 seconds 
========================================================================
Received Import Request.
  Time since last request: 0.000026 seconds.
  path: Assets/Polytope Studio/Lowpoly Medieval Characters/Prefabs/Modular_NPC/Peasants_Citizens/Separate_Parts/PT_Medieval_Female_Peasant_01_head.prefab
  artifactKey: Guid(52aaa8c938ee30b4bb34c8441adf9673) Importer(815301076,1909f56bfc062723c751e8b465ee728b)
Start importing Assets/Polytope Studio/Lowpoly Medieval Characters/Prefabs/Modular_NPC/Peasants_Citizens/Separate_Parts/PT_Medieval_Female_Peasant_01_head.prefab using Guid(52aaa8c938ee30b4bb34c8441adf9673) Importer(815301076,1909f56bfc062723c751e8b465ee728b)  -> (artifact id: '0465180d168974d0f0d195761dda7295') in 0.037758 seconds 
========================================================================
Received Import Request.
  Time since last request: 0.000033 seconds.
  path: Assets/Polytope Studio/Lowpoly Medieval Characters/Prefabs/Modular_NPC/Peasants_Citizens/Separate_Parts/PT_Medieval_Male_Peasant_01_head.prefab
  artifactKey: Guid(d76bd0a8ec2ec2547adf6d78c38ccaea) Importer(815301076,1909f56bfc062723c751e8b465ee728b)
Start importing Assets/Polytope Studio/Lowpoly Medieval Characters/Prefabs/Modular_NPC/Peasants_Citizens/Separate_Parts/PT_Medieval_Male_Peasant_01_head.prefab using Guid(d76bd0a8ec2ec2547adf6d78c38ccaea) Importer(815301076,1909f56bfc062723c751e8b465ee728b)  -> (artifact id: 'ff34c886359614d22443506c339cefee') in 0.019751 seconds 
========================================================================
Received Import Request.
  Time since last request: 0.000032 seconds.
  path: Assets/Polytope Studio/Lowpoly Medieval Characters/Prefabs/Modular_NPC/Peasants_Citizens/Separate_Parts/PT_Medieval_Male_Peasant_01_upper.prefab
  artifactKey: Guid(03ccc7f7b709d9f44b80a7e8d976a796) Importer(815301076,1909f56bfc062723c751e8b465ee728b)
Start importing Assets/Polytope Studio/Lowpoly Medieval Characters/Prefabs/Modular_NPC/Peasants_Citizens/Separate_Parts/PT_Medieval_Male_Peasant_01_upper.prefab using Guid(03ccc7f7b709d9f44b80a7e8d976a796) Importer(815301076,1909f56bfc062723c751e8b465ee728b)  -> (artifact id: 'b1c2fd58c634121dbfafee088c35dfc1') in 0.043579 seconds 
Editor requested this worker to shutdown with reason: Scaling down because of idle timeout
AssetImportWorker is now disconnected from the server
Process exiting
Exiting without the bug reporter. Application will terminate with return code 0