Using pre-set license
Built from '2021.3/staging' branch; Version is '2021.3.11f1 (0a5ca18544bf) revision 679073'; Using compiler version '192829333'; Build Type 'Release'
OS: 'Windows 10  (10.0.19043) 64bit Professional' Language: 'pl' Physical Memory: 16257 MB
BatchMode: 1, IsHumanControllingUs: 0, StartBugReporterOnCrash: 0, Is64bit: 1, IsPro: 1

COMMAND LINE ARGUMENTS:
E:\UNITY\HUB\2021.3.11f1\Editor\Unity.exe
-adb2
-batchMode
-noUpm
-name
AssetImportWorker0
-projectPath
E:/UNITY/MyGames/Settler/Settler-The-Genesis
-logFile
Logs/AssetImportWorker0.log
-srvPort
63160
Successfully changed project path to: E:/UNITY/MyGames/Settler/Settler-The-Genesis
E:/UNITY/MyGames/Settler/Settler-The-Genesis
[UnityMemory] Configuration Parameters - Can be set up in boot.config
    "memorysetup-bucket-allocator-granularity=16"
    "memorysetup-bucket-allocator-bucket-count=8"
    "memorysetup-bucket-allocator-block-size=33554432"
    "memorysetup-bucket-allocator-block-count=8"
    "memorysetup-main-allocator-block-size=16777216"
    "memorysetup-thread-allocator-block-size=16777216"
    "memorysetup-gfx-main-allocator-block-size=16777216"
    "memorysetup-gfx-thread-allocator-block-size=16777216"
    "memorysetup-cache-allocator-block-size=4194304"
    "memorysetup-typetree-allocator-block-size=2097152"
    "memorysetup-profiler-bucket-allocator-granularity=16"
    "memorysetup-profiler-bucket-allocator-bucket-count=8"
    "memorysetup-profiler-bucket-allocator-block-size=33554432"
    "memorysetup-profiler-bucket-allocator-block-count=8"
    "memorysetup-profiler-allocator-block-size=16777216"
    "memorysetup-profiler-editor-allocator-block-size=1048576"
    "memorysetup-temp-allocator-size-main=16777216"
    "memorysetup-job-temp-allocator-block-size=2097152"
    "memorysetup-job-temp-allocator-block-size-background=1048576"
    "memorysetup-job-temp-allocator-reduction-small-platforms=262144"
    "memorysetup-temp-allocator-size-background-worker=32768"
    "memorysetup-temp-allocator-size-job-worker=262144"
    "memorysetup-temp-allocator-size-preload-manager=33554432"
    "memorysetup-temp-allocator-size-nav-mesh-worker=65536"
    "memorysetup-temp-allocator-size-audio-worker=65536"
    "memorysetup-temp-allocator-size-cloud-worker=32768"
    "memorysetup-temp-allocator-size-gi-baking-worker=262144"
    "memorysetup-temp-allocator-size-gfx=262144"
Refreshing native plugins compatible for Editor in 113.41 ms, found 3 plugins.
Preloading 0 native plugins for Editor in 0.00 ms.
Initialize engine version: 2021.3.11f1 (0a5ca18544bf)
[Subsystems] Discovering subsystems at path E:/UNITY/HUB/2021.3.11f1/Editor/Data/Resources/UnitySubsystems
[Subsystems] Discovering subsystems at path E:/UNITY/MyGames/Settler/Settler-The-Genesis/Assets
GfxDevice: creating device client; threaded=0; jobified=0
Direct3D:
    Version:  Direct3D 11.0 [level 11.1]
    Renderer: NVIDIA GeForce GTX 1050 Ti (ID=0x1c8c)
    Vendor:   NVIDIA
    VRAM:     4018 MB
    Driver:   27.21.14.5749
Initialize mono
Mono path[0] = 'E:/UNITY/HUB/2021.3.11f1/Editor/Data/Managed'
Mono path[1] = 'E:/UNITY/HUB/2021.3.11f1/Editor/Data/MonoBleedingEdge/lib/mono/unityjit-win32'
Mono config path = 'E:/UNITY/HUB/2021.3.11f1/Editor/Data/MonoBleedingEdge/etc'
Using monoOptions --debugger-agent=transport=dt_socket,embedding=1,server=y,suspend=n,address=127.0.0.1:56292
Begin MonoManager ReloadAssembly
Registering precompiled unity dll's ...
Register platform support module: E:/UNITY/HUB/2021.3.11f1/Editor/Data/PlaybackEngines/WebGLSupport/UnityEditor.WebGL.Extensions.dll
Register platform support module: E:/UNITY/HUB/2021.3.11f1/Editor/Data/PlaybackEngines/WindowsStandaloneSupport/UnityEditor.WindowsStandalone.Extensions.dll
Registered in 0.003772 seconds.
Native extension for WindowsStandalone target not found
Native extension for WebGL target not found
Refreshing native plugins compatible for Editor in 124.88 ms, found 3 plugins.
Preloading 0 native plugins for Editor in 0.00 ms.
Mono: successfully reloaded assembly
- Completed reload, in  0.805 seconds
Domain Reload Profiling:
	ReloadAssembly (806ms)
		BeginReloadAssembly (88ms)
			ExecutionOrderSort (0ms)
			DisableScriptedObjects (0ms)
			BackupInstance (0ms)
			ReleaseScriptingObjects (0ms)
			CreateAndSetChildDomain (1ms)
		EndReloadAssembly (595ms)
			LoadAssemblies (87ms)
			RebuildTransferFunctionScriptingTraits (0ms)
			SetupTypeCache (145ms)
			ReleaseScriptCaches (0ms)
			RebuildScriptCaches (36ms)
			SetupLoadedEditorAssemblies (361ms)
				LogAssemblyErrors (0ms)
				InitializePlatformSupportModulesInManaged (8ms)
				SetLoadedEditorAssemblies (0ms)
				RefreshPlugins (125ms)
				BeforeProcessingInitializeOnLoad (1ms)
				ProcessInitializeOnLoadAttributes (166ms)
				ProcessInitializeOnLoadMethodAttributes (59ms)
				AfterProcessingInitializeOnLoad (0ms)
				EditorAssembliesLoaded (0ms)
			ExecutionOrderSort2 (0ms)
			AwakeInstancesAfterBackupRestoration (0ms)
Platform modules already initialized, skipping
Registering precompiled user dll's ...
Registered in 0.004883 seconds.
Begin MonoManager ReloadAssembly
Symbol file LoadedFromMemory doesn't match image E:\UNITY\MyGames\Settler\Settler-The-Genesis\Library\PackageCache\com.unity.visualscripting@1.7.8\Editor\VisualScripting.Core\Dependencies\YamlDotNet\Unity.VisualScripting.YamlDotNet.dll
Symbol file LoadedFromMemory doesn't match image E:\UNITY\MyGames\Settler\Settler-The-Genesis\Library\PackageCache\com.unity.visualscripting@1.7.8\Editor\VisualScripting.Core\Dependencies\DotNetZip\Unity.VisualScripting.IonicZip.dll
Native extension for WindowsStandalone target not found
Native extension for WebGL target not found
Refreshing native plugins compatible for Editor in 0.86 ms, found 3 plugins.
Preloading 0 native plugins for Editor in 0.00 ms.
Mono: successfully reloaded assembly
- Completed reload, in  1.263 seconds
Domain Reload Profiling:
	ReloadAssembly (1264ms)
		BeginReloadAssembly (124ms)
			ExecutionOrderSort (0ms)
			DisableScriptedObjects (7ms)
			BackupInstance (0ms)
			ReleaseScriptingObjects (0ms)
			CreateAndSetChildDomain (25ms)
		EndReloadAssembly (989ms)
			LoadAssemblies (88ms)
			RebuildTransferFunctionScriptingTraits (0ms)
			SetupTypeCache (331ms)
			ReleaseScriptCaches (1ms)
			RebuildScriptCaches (73ms)
			SetupLoadedEditorAssemblies (446ms)
				LogAssemblyErrors (0ms)
				InitializePlatformSupportModulesInManaged (6ms)
				SetLoadedEditorAssemblies (0ms)
				RefreshPlugins (1ms)
				BeforeProcessingInitializeOnLoad (96ms)
				ProcessInitializeOnLoadAttributes (305ms)
				ProcessInitializeOnLoadMethodAttributes (34ms)
				AfterProcessingInitializeOnLoad (4ms)
				EditorAssembliesLoaded (0ms)
			ExecutionOrderSort2 (0ms)
			AwakeInstancesAfterBackupRestoration (8ms)
Platform modules already initialized, skipping
========================================================================
Worker process is ready to serve import requests
Launched and connected shader compiler UnityShaderCompiler.exe after 0.06 seconds
Refreshing native plugins compatible for Editor in 1.84 ms, found 3 plugins.
Preloading 0 native plugins for Editor in 0.00 ms.
Unloading 3478 Unused Serialized files (Serialized files now loaded: 0)
Unloading 26 unused Assets / (88.5 KB). Loaded Objects now: 3943.
Memory consumption went from 127.2 MB to 127.1 MB.
Total: 5.498700 ms (FindLiveObjects: 0.324400 ms CreateObjectMapping: 0.253600 ms MarkObjects: 4.749600 ms  DeleteObjects: 0.169700 ms)

AssetImportParameters requested are different than current active one (requested -> active):
  custom:video-decoder-ogg-theora: a1e56fd34408186e4bbccfd4996cb3dc -> 
  custom:container-muxer-webm: aa71ff27fc2769a1b78a27578f13a17b -> 
  custom:container-demuxer-webm: 4f35f7cbe854078d1ac9338744f61a02 -> 
  custom:video-encoder-webm-vp8: eb34c28f22e8b96e1ab97ce403110664 -> 
  custom:audio-encoder-webm-vorbis: bf7c407c2cedff20999df2af8eb42d56 -> 
  custom:framework-win-MediaFoundation: 216162199b28c13a410421893ffa2e32 -> 
  custom:container-demuxer-ogg: 62fdf1f143b41e24485cea50d1cbac27 -> 
  custom:video-decoder-webm-vp8: 9c59270c3fd7afecdb556c50c9e8de78 -> 
  custom:audio-decoder-ogg-vorbis: bf7c407c2cedff20999df2af8eb42d56 -> 
========================================================================
Received Import Request.
  Time since last request: 464561.246342 seconds.
  path: Assets/Main Cit/Slavic World Free/Resources/LOD3/EA03_Environment_Mud_04b.fbx
  artifactKey: Guid(04cc57e78fdae864b8d9ff24dcacce8c) Importer(815301076,1909f56bfc062723c751e8b465ee728b)
Start importing Assets/Main Cit/Slavic World Free/Resources/LOD3/EA03_Environment_Mud_04b.fbx using Guid(04cc57e78fdae864b8d9ff24dcacce8c) Importer(815301076,1909f56bfc062723c751e8b465ee728b)  -> (artifact id: 'dc803a26123efcdb7729875d0033332b') in 0.258873 seconds 
========================================================================
Received Import Request.
  Time since last request: 0.000022 seconds.
  path: Assets/Main Cit/Slavic World Free/Resources/LOD3/EA03_Items_House_Apple_01a.fbx
  artifactKey: Guid(ac60a1e5147f37f4ea437303b92a771f) Importer(815301076,1909f56bfc062723c751e8b465ee728b)
Start importing Assets/Main Cit/Slavic World Free/Resources/LOD3/EA03_Items_House_Apple_01a.fbx using Guid(ac60a1e5147f37f4ea437303b92a771f) Importer(815301076,1909f56bfc062723c751e8b465ee728b)  -> (artifact id: '5e9a373e889df5eb7b8924abc6d24944') in 0.071400 seconds 
========================================================================
Received Import Request.
  Time since last request: 0.000035 seconds.
  path: Assets/Main Cit/Slavic World Free/Resources/LOD3/EA03_Environment_RiverStraight_02a.fbx
  artifactKey: Guid(2e20d28289ddc8a4bb9a38233aaca42e) Importer(815301076,1909f56bfc062723c751e8b465ee728b)
Start importing Assets/Main Cit/Slavic World Free/Resources/LOD3/EA03_Environment_RiverStraight_02a.fbx using Guid(2e20d28289ddc8a4bb9a38233aaca42e) Importer(815301076,1909f56bfc062723c751e8b465ee728b)  -> (artifact id: '2b617e49145bb6553d48afc245597d18') in 0.058718 seconds 
========================================================================
Received Import Request.
  Time since last request: 0.000020 seconds.
  path: Assets/Main Cit/Slavic World Free/Resources/LOD3/EA03_Environment_Rock_CatHead_01b.fbx
  artifactKey: Guid(b615fb5cb56a56946a9914995c642c98) Importer(815301076,1909f56bfc062723c751e8b465ee728b)
Start importing Assets/Main Cit/Slavic World Free/Resources/LOD3/EA03_Environment_Rock_CatHead_01b.fbx using Guid(b615fb5cb56a56946a9914995c642c98) Importer(815301076,1909f56bfc062723c751e8b465ee728b)  -> (artifact id: '25a33cc9e98d9aad2191dae217e366b6') in 0.057532 seconds 
========================================================================
Received Import Request.
  Time since last request: 0.000033 seconds.
  path: Assets/Main Cit/Slavic World Free/Resources/LOD3/EA03_Fence_Plank_02a.fbx
  artifactKey: Guid(9acbb48a36abbf644aa940a03eecaab3) Importer(815301076,1909f56bfc062723c751e8b465ee728b)
Start importing Assets/Main Cit/Slavic World Free/Resources/LOD3/EA03_Fence_Plank_02a.fbx using Guid(9acbb48a36abbf644aa940a03eecaab3) Importer(815301076,1909f56bfc062723c751e8b465ee728b)  -> (artifact id: '7f4ed6254987ed36ba9177259c00cf36') in 0.066187 seconds 
========================================================================
Received Import Request.
  Time since last request: 0.000031 seconds.
  path: Assets/Main Cit/Slavic World Free/Resources/LOD3/EA03_Fence_VegetablePatch_02a.fbx
  artifactKey: Guid(83b544ac0c7ef3b4188cdd929856314b) Importer(815301076,1909f56bfc062723c751e8b465ee728b)
Start importing Assets/Main Cit/Slavic World Free/Resources/LOD3/EA03_Fence_VegetablePatch_02a.fbx using Guid(83b544ac0c7ef3b4188cdd929856314b) Importer(815301076,1909f56bfc062723c751e8b465ee728b)  -> (artifact id: '5f95ce088746d7b2fdba41f5aa0b58b4') in 0.064190 seconds 
========================================================================
Received Import Request.
  Time since last request: 0.000022 seconds.
  path: Assets/Main Cit/Slavic World Free/Resources/LOD3/EA03_Nature_Bush_01a.fbx
  artifactKey: Guid(3f82a28fb695a74418c3862370e17ad9) Importer(815301076,1909f56bfc062723c751e8b465ee728b)
Start importing Assets/Main Cit/Slavic World Free/Resources/LOD3/EA03_Nature_Bush_01a.fbx using Guid(3f82a28fb695a74418c3862370e17ad9) Importer(815301076,1909f56bfc062723c751e8b465ee728b)  -> (artifact id: 'd67e54b94b45238a243129c898a4f8d4') in 0.077834 seconds 
========================================================================
Received Import Request.
  Time since last request: 0.000028 seconds.
  path: Assets/Main Cit/Slavic World Free/Resources/LOD3/EA03_Fence_rockDesk_01g.fbx
  artifactKey: Guid(3269f240c7a843a40b27533e7ea759ab) Importer(815301076,1909f56bfc062723c751e8b465ee728b)
Start importing Assets/Main Cit/Slavic World Free/Resources/LOD3/EA03_Fence_rockDesk_01g.fbx using Guid(3269f240c7a843a40b27533e7ea759ab) Importer(815301076,1909f56bfc062723c751e8b465ee728b)  -> (artifact id: 'a18f32e282d021155282e19b6a926ade') in 0.073183 seconds 
========================================================================
Received Import Request.
  Time since last request: 0.000024 seconds.
  path: Assets/Main Cit/Slavic World Free/Resources/LOD3/EA03_Environment_Rock_Flat_04c.fbx
  artifactKey: Guid(43ca8dad8251f3e4686f4c16ad2c9100) Importer(815301076,1909f56bfc062723c751e8b465ee728b)
Start importing Assets/Main Cit/Slavic World Free/Resources/LOD3/EA03_Environment_Rock_Flat_04c.fbx using Guid(43ca8dad8251f3e4686f4c16ad2c9100) Importer(815301076,1909f56bfc062723c751e8b465ee728b)  -> (artifact id: 'ec52975dabe3a78ed18e52004c7f8ffe') in 0.066910 seconds 
========================================================================
Received Import Request.
  Time since last request: 0.000035 seconds.
  path: Assets/Main Cit/Slavic World Free/Resources/LOD3/EA03_Fence_Plank_02b.fbx
  artifactKey: Guid(9a6b68b124304da48b60c294a6e0376c) Importer(815301076,1909f56bfc062723c751e8b465ee728b)
Start importing Assets/Main Cit/Slavic World Free/Resources/LOD3/EA03_Fence_Plank_02b.fbx using Guid(9a6b68b124304da48b60c294a6e0376c) Importer(815301076,1909f56bfc062723c751e8b465ee728b)  -> (artifact id: '64d04d5e1b503e2dabc1eec974fa4c40') in 0.076218 seconds 
========================================================================
Received Import Request.
  Time since last request: 0.000023 seconds.
  path: Assets/Main Cit/Slavic World Free/Resources/LOD3/EA03_Environment_Rock_Head_01a.fbx
  artifactKey: Guid(d4fd32c3fd3334f429f4b01b3068c916) Importer(815301076,1909f56bfc062723c751e8b465ee728b)
Start importing Assets/Main Cit/Slavic World Free/Resources/LOD3/EA03_Environment_Rock_Head_01a.fbx using Guid(d4fd32c3fd3334f429f4b01b3068c916) Importer(815301076,1909f56bfc062723c751e8b465ee728b)  -> (artifact id: '1357ea0e2232547a0df14af032af295d') in 0.080164 seconds 
========================================================================
Received Import Request.
  Time since last request: 0.000021 seconds.
  path: Assets/Main Cit/Slavic World Free/Resources/LOD3/EA03_Fence_rockDesk_End_01a.fbx
  artifactKey: Guid(a147f4f3d76c88d438190a38b3eca73c) Importer(815301076,1909f56bfc062723c751e8b465ee728b)
Start importing Assets/Main Cit/Slavic World Free/Resources/LOD3/EA03_Fence_rockDesk_End_01a.fbx using Guid(a147f4f3d76c88d438190a38b3eca73c) Importer(815301076,1909f56bfc062723c751e8b465ee728b)  -> (artifact id: 'd19c5f68b6fcfe64430db61b0a5e9b4a') in 0.062733 seconds 
========================================================================
Received Import Request.
  Time since last request: 0.000030 seconds.
  path: Assets/Main Cit/Slavic World Free/Resources/LOD3/EA03_Items_House_Apple_01b.fbx
  artifactKey: Guid(683aa6683b22b244287d19b08050959c) Importer(815301076,1909f56bfc062723c751e8b465ee728b)
Start importing Assets/Main Cit/Slavic World Free/Resources/LOD3/EA03_Items_House_Apple_01b.fbx using Guid(683aa6683b22b244287d19b08050959c) Importer(815301076,1909f56bfc062723c751e8b465ee728b)  -> (artifact id: '6680b9925e8ce96ceac71d836ee1fdcc') in 0.080358 seconds 
========================================================================
Received Import Request.
  Time since last request: 0.000052 seconds.
  path: Assets/Main Cit/Slavic World Free/Resources/LOD3/EA03_Fence_Wall_01b.fbx
  artifactKey: Guid(4f927d8c0f80da54eacc496ab63df1bf) Importer(815301076,1909f56bfc062723c751e8b465ee728b)
Start importing Assets/Main Cit/Slavic World Free/Resources/LOD3/EA03_Fence_Wall_01b.fbx using Guid(4f927d8c0f80da54eacc496ab63df1bf) Importer(815301076,1909f56bfc062723c751e8b465ee728b)  -> (artifact id: '776cfeb23849db43a74fc1e5fc2e37ab') in 0.071933 seconds 
========================================================================
Received Import Request.
  Time since last request: 0.000023 seconds.
  path: Assets/Main Cit/Slavic World Free/Resources/LOD3/EA03_Items_House_Cup_01a.fbx
  artifactKey: Guid(a1da319082eff5a4b9df4b85ef047790) Importer(815301076,1909f56bfc062723c751e8b465ee728b)
Start importing Assets/Main Cit/Slavic World Free/Resources/LOD3/EA03_Items_House_Cup_01a.fbx using Guid(a1da319082eff5a4b9df4b85ef047790) Importer(815301076,1909f56bfc062723c751e8b465ee728b)  -> (artifact id: '21500daa8b977c45ba6a11e0f7bcede7') in 0.110853 seconds 
========================================================================
Received Import Request.
  Time since last request: 0.616701 seconds.
  path: Assets/Main Cit/Slavic World Free/Resources/LOD3/EA03_Nature_Bush_01c.fbx
  artifactKey: Guid(e360f9142d27d0445abc192c6bc54b9b) Importer(815301076,1909f56bfc062723c751e8b465ee728b)
Start importing Assets/Main Cit/Slavic World Free/Resources/LOD3/EA03_Nature_Bush_01c.fbx using Guid(e360f9142d27d0445abc192c6bc54b9b) Importer(815301076,1909f56bfc062723c751e8b465ee728b)  -> (artifact id: '2574c46af1eb14eabe5e374e5b13d6d4') in 0.060804 seconds 
========================================================================
Received Import Request.
  Time since last request: 0.000020 seconds.
  path: Assets/Main Cit/Slavic World Free/Resources/LOD3/EA03_Nature_Tree_02c.fbx
  artifactKey: Guid(7286095c26dbec849aa5a875a7972ca9) Importer(815301076,1909f56bfc062723c751e8b465ee728b)
Start importing Assets/Main Cit/Slavic World Free/Resources/LOD3/EA03_Nature_Tree_02c.fbx using Guid(7286095c26dbec849aa5a875a7972ca9) Importer(815301076,1909f56bfc062723c751e8b465ee728b)  -> (artifact id: 'f2fbb0b2f77b8eebbe7b63f2fa397eb3') in 0.070300 seconds 
========================================================================
Received Import Request.
  Time since last request: 0.000022 seconds.
  path: Assets/Main Cit/Slavic World Free/Resources/LOD3/EA03_Nature_Bush_02b.fbx
  artifactKey: Guid(39c3951d7b757af4f935ff76a59beda3) Importer(815301076,1909f56bfc062723c751e8b465ee728b)
Start importing Assets/Main Cit/Slavic World Free/Resources/LOD3/EA03_Nature_Bush_02b.fbx using Guid(39c3951d7b757af4f935ff76a59beda3) Importer(815301076,1909f56bfc062723c751e8b465ee728b)  -> (artifact id: 'c717542b1ca4043abda85c3b85d13dd8') in 0.063393 seconds 
========================================================================
Received Import Request.
  Time since last request: 0.000044 seconds.
  path: Assets/Main Cit/Slavic World Free/Resources/LOD3/EA03_Nature_Tree_01b.fbx
  artifactKey: Guid(13ec5d0bbf56c734d9422c7089f60980) Importer(815301076,1909f56bfc062723c751e8b465ee728b)
Start importing Assets/Main Cit/Slavic World Free/Resources/LOD3/EA03_Nature_Tree_01b.fbx using Guid(13ec5d0bbf56c734d9422c7089f60980) Importer(815301076,1909f56bfc062723c751e8b465ee728b)  -> (artifact id: 'cd432c504de8075d0ddfeac9e751f36a') in 0.075440 seconds 
========================================================================
Received Import Request.
  Time since last request: 0.000019 seconds.
  path: Assets/Main Cit/Slavic World Free/Resources/LOD3/EA03_Nature_Bush_04a.fbx
  artifactKey: Guid(b204b246cfdd03c47b6cd5fa557f1032) Importer(815301076,1909f56bfc062723c751e8b465ee728b)
Start importing Assets/Main Cit/Slavic World Free/Resources/LOD3/EA03_Nature_Bush_04a.fbx using Guid(b204b246cfdd03c47b6cd5fa557f1032) Importer(815301076,1909f56bfc062723c751e8b465ee728b)  -> (artifact id: 'c081ead06ba5774826e28aba16935f33') in 0.082677 seconds 
========================================================================
Received Import Request.
  Time since last request: 0.000021 seconds.
  path: Assets/Main Cit/Slavic World Free/Resources/LOD3/EA03_Nature_Solid_Flat_01c.fbx
  artifactKey: Guid(ef9f998abb65cf94db2f7b97f5375b03) Importer(815301076,1909f56bfc062723c751e8b465ee728b)
Start importing Assets/Main Cit/Slavic World Free/Resources/LOD3/EA03_Nature_Solid_Flat_01c.fbx using Guid(ef9f998abb65cf94db2f7b97f5375b03) Importer(815301076,1909f56bfc062723c751e8b465ee728b)  -> (artifact id: '7ba155e203357260d54430b5b10de086') in 0.065466 seconds 
========================================================================
Received Import Request.
  Time since last request: 0.000023 seconds.
  path: Assets/Main Cit/Slavic World Free/Resources/LOD3/EA03_Prop_Container_Chest_02a.fbx
  artifactKey: Guid(b6814f96c7f305e4f982c84f3d888a39) Importer(815301076,1909f56bfc062723c751e8b465ee728b)
Start importing Assets/Main Cit/Slavic World Free/Resources/LOD3/EA03_Prop_Container_Chest_02a.fbx using Guid(b6814f96c7f305e4f982c84f3d888a39) Importer(815301076,1909f56bfc062723c751e8b465ee728b)  -> (artifact id: 'f0940aeee44270347ab5b83ea77580f1') in 0.057770 seconds 
========================================================================
Received Import Request.
  Time since last request: 0.000036 seconds.
  path: Assets/Main Cit/Slavic World Free/Resources/LOD3/EA03_Prop_Pier_03d.fbx
  artifactKey: Guid(59e498c8b581e6941a0e1631a78dbe85) Importer(815301076,1909f56bfc062723c751e8b465ee728b)
Start importing Assets/Main Cit/Slavic World Free/Resources/LOD3/EA03_Prop_Pier_03d.fbx using Guid(59e498c8b581e6941a0e1631a78dbe85) Importer(815301076,1909f56bfc062723c751e8b465ee728b)  -> (artifact id: 'b8302c0a79315f6aecb83928784b30ff') in 0.061680 seconds 
========================================================================
Received Import Request.
  Time since last request: 0.000024 seconds.
  path: Assets/Main Cit/Slavic World Free/Resources/LOD3/EA03_Prop_Container_Basket_01a.fbx
  artifactKey: Guid(31705d47a8a190a42a2ebd3d27b7f5e5) Importer(815301076,1909f56bfc062723c751e8b465ee728b)
Start importing Assets/Main Cit/Slavic World Free/Resources/LOD3/EA03_Prop_Container_Basket_01a.fbx using Guid(31705d47a8a190a42a2ebd3d27b7f5e5) Importer(815301076,1909f56bfc062723c751e8b465ee728b)  -> (artifact id: '6d53942dd9bdeb4153a4b19d23dd60c7') in 0.061065 seconds 
========================================================================
Received Import Request.
  Time since last request: 0.000025 seconds.
  path: Assets/Main Cit/Slavic World Free/Resources/LOD3/EA03_Prop_Stool_01a.fbx
  artifactKey: Guid(0d8a9daf36a4e2c4fa3c49f6c0827792) Importer(815301076,1909f56bfc062723c751e8b465ee728b)
Start importing Assets/Main Cit/Slavic World Free/Resources/LOD3/EA03_Prop_Stool_01a.fbx using Guid(0d8a9daf36a4e2c4fa3c49f6c0827792) Importer(815301076,1909f56bfc062723c751e8b465ee728b)  -> (artifact id: 'ad00569830f026229000e863e67e17ff') in 0.066736 seconds 
========================================================================
Received Import Request.
  Time since last request: 0.000024 seconds.
  path: Assets/Main Cit/Slavic World Free/Resources/LOD3/EA03_Prop_Village_Ladder_02a.fbx
  artifactKey: Guid(65eda0c3b934409488f4868dba95a65f) Importer(815301076,1909f56bfc062723c751e8b465ee728b)
Start importing Assets/Main Cit/Slavic World Free/Resources/LOD3/EA03_Prop_Village_Ladder_02a.fbx using Guid(65eda0c3b934409488f4868dba95a65f) Importer(815301076,1909f56bfc062723c751e8b465ee728b)  -> (artifact id: 'a914a7e6670b24067d1c417c736d7d91') in 0.061432 seconds 
========================================================================
Received Import Request.
  Time since last request: 0.000032 seconds.
  path: Assets/Main Cit/Slavic World Free/Resources/LOD3/EA03_Village_Hut_Foundation_02b.fbx
  artifactKey: Guid(a39e54eda47beb84daec65dffc50bd71) Importer(815301076,1909f56bfc062723c751e8b465ee728b)
Start importing Assets/Main Cit/Slavic World Free/Resources/LOD3/EA03_Village_Hut_Foundation_02b.fbx using Guid(a39e54eda47beb84daec65dffc50bd71) Importer(815301076,1909f56bfc062723c751e8b465ee728b)  -> (artifact id: '6005a4f0e827b2c36d523a58b950fa0c') in 0.056836 seconds 
========================================================================
Received Import Request.
  Time since last request: 0.000019 seconds.
  path: Assets/Main Cit/Slavic World Free/Resources/LOD3/EA_Items_House_bowl_wod_2.fbx
  artifactKey: Guid(d390f7be5d30cac429d05cc9fdea3abb) Importer(815301076,1909f56bfc062723c751e8b465ee728b)
Start importing Assets/Main Cit/Slavic World Free/Resources/LOD3/EA_Items_House_bowl_wod_2.fbx using Guid(d390f7be5d30cac429d05cc9fdea3abb) Importer(815301076,1909f56bfc062723c751e8b465ee728b)  -> (artifact id: 'bd27639929b507210282dd65d1331f5c') in 0.059081 seconds 
========================================================================
Received Import Request.
  Time since last request: 0.000056 seconds.
  path: Assets/Main Cit/Slavic World Free/Resources/LOD3/EA03_Prop_Container_Bowl_01.fbx
  artifactKey: Guid(379f0651a43088c4e83e0b80e5982d95) Importer(815301076,1909f56bfc062723c751e8b465ee728b)
Start importing Assets/Main Cit/Slavic World Free/Resources/LOD3/EA03_Prop_Container_Bowl_01.fbx using Guid(379f0651a43088c4e83e0b80e5982d95) Importer(815301076,1909f56bfc062723c751e8b465ee728b)  -> (artifact id: 'b5de0f286752cc83331de0d1ece46bd7') in 0.065030 seconds 
========================================================================
Received Import Request.
  Time since last request: 0.000042 seconds.
  path: Assets/Main Cit/Slavic World Free/Resources/LOD3/EA03_Plant_Grass_01e.fbx
  artifactKey: Guid(c3f5ebd294edb9e468222b22e0edd694) Importer(815301076,1909f56bfc062723c751e8b465ee728b)
Start importing Assets/Main Cit/Slavic World Free/Resources/LOD3/EA03_Plant_Grass_01e.fbx using Guid(c3f5ebd294edb9e468222b22e0edd694) Importer(815301076,1909f56bfc062723c751e8b465ee728b)  -> (artifact id: '4dbbbc7ec44fe04177919c350a38ca9d') in 0.069625 seconds 
========================================================================
Received Import Request.
  Time since last request: 0.000030 seconds.
  path: Assets/Main Cit/Slavic World Free/Resources/LOD3/EA03_Prop_Container_Basket_04a.fbx
  artifactKey: Guid(f6abdef6e96d7554bab4cae54ac1516d) Importer(815301076,1909f56bfc062723c751e8b465ee728b)
Start importing Assets/Main Cit/Slavic World Free/Resources/LOD3/EA03_Prop_Container_Basket_04a.fbx using Guid(f6abdef6e96d7554bab4cae54ac1516d) Importer(815301076,1909f56bfc062723c751e8b465ee728b)  -> (artifact id: 'ce6367683f85b6c5350e4c3eb964ed52') in 0.070652 seconds 
========================================================================
Received Import Request.
  Time since last request: 0.000017 seconds.
  path: Assets/Main Cit/Slavic World Free/Resources/LOD3/EA_Items_House_spoon_wooden_02.fbx
  artifactKey: Guid(c372d80c3e97e7f48ba4c4482af5b13c) Importer(815301076,1909f56bfc062723c751e8b465ee728b)
Start importing Assets/Main Cit/Slavic World Free/Resources/LOD3/EA_Items_House_spoon_wooden_02.fbx using Guid(c372d80c3e97e7f48ba4c4482af5b13c) Importer(815301076,1909f56bfc062723c751e8b465ee728b)  -> (artifact id: '94b3faf81e94f3fe9df58b56b8b0ecd7') in 0.066779 seconds 
========================================================================
Received Import Request.
  Time since last request: 0.000049 seconds.
  path: Assets/Main Cit/Slavic World Free/Resources/LOD3/EA03_Prop_House_Shutter_01c.fbx
  artifactKey: Guid(f49e25a3b35dc5141a32b754e00fd088) Importer(815301076,1909f56bfc062723c751e8b465ee728b)
Start importing Assets/Main Cit/Slavic World Free/Resources/LOD3/EA03_Prop_House_Shutter_01c.fbx using Guid(f49e25a3b35dc5141a32b754e00fd088) Importer(815301076,1909f56bfc062723c751e8b465ee728b)  -> (artifact id: '2d04a8f07876d4af2aea1628c06edfe2') in 0.150788 seconds 
========================================================================
Received Import Request.
  Time since last request: 0.000034 seconds.
  path: Assets/Main Cit/Slavic World Free/Resources/LOD3/EA_Items_House_bowl_wod.fbx
  artifactKey: Guid(12da85f96e7b10748997a139f608eaef) Importer(815301076,1909f56bfc062723c751e8b465ee728b)
Start importing Assets/Main Cit/Slavic World Free/Resources/LOD3/EA_Items_House_bowl_wod.fbx using Guid(12da85f96e7b10748997a139f608eaef) Importer(815301076,1909f56bfc062723c751e8b465ee728b)  -> (artifact id: '35984b2d653f4a7c0719c3efe0ef9b2f') in 0.062738 seconds 
========================================================================
Received Import Request.
  Time since last request: 0.000025 seconds.
  path: Assets/Main Cit/Slavic World Free/Resources/LOD3/EA_Items_House_cauldron_01a.fbx
  artifactKey: Guid(18e6697db3d760b458f4b70bc98f7d15) Importer(815301076,1909f56bfc062723c751e8b465ee728b)
Start importing Assets/Main Cit/Slavic World Free/Resources/LOD3/EA_Items_House_cauldron_01a.fbx using Guid(18e6697db3d760b458f4b70bc98f7d15) Importer(815301076,1909f56bfc062723c751e8b465ee728b)  -> (artifact id: 'c73a8c40b2ac2aa9e22b145fc54dfaad') in 0.067724 seconds 
========================================================================
Received Import Request.
  Time since last request: 0.000021 seconds.
  path: Assets/Main Cit/Slavic World Free/Resources/LOD3/EA03_Prop_Pillow_01d.fbx
  artifactKey: Guid(642bbb7897dcde44e9917d410cac5309) Importer(815301076,1909f56bfc062723c751e8b465ee728b)
Start importing Assets/Main Cit/Slavic World Free/Resources/LOD3/EA03_Prop_Pillow_01d.fbx using Guid(642bbb7897dcde44e9917d410cac5309) Importer(815301076,1909f56bfc062723c751e8b465ee728b)  -> (artifact id: '2ed3d98f54cb5fb6addfdc4f51aa5bab') in 0.067092 seconds 
========================================================================
Received Import Request.
  Time since last request: 0.000024 seconds.
  path: Assets/Main Cit/Slavic World Free/Resources/LOD3/EA03_Prop_Sign_Chapel_01.fbx
  artifactKey: Guid(78c2d0a8f12aa8d4ea74bc78858edbdf) Importer(815301076,1909f56bfc062723c751e8b465ee728b)
Start importing Assets/Main Cit/Slavic World Free/Resources/LOD3/EA03_Prop_Sign_Chapel_01.fbx using Guid(78c2d0a8f12aa8d4ea74bc78858edbdf) Importer(815301076,1909f56bfc062723c751e8b465ee728b)  -> (artifact id: '05df1dc3e545518cf5e09f81ff6331f2') in 0.066404 seconds 
========================================================================
Received Import Request.
  Time since last request: 0.000027 seconds.
  path: Assets/Main Cit/Slavic World Free/Resources/LOD3/EA03_Prop_House_Shutter_01d.fbx
  artifactKey: Guid(7fe480ce6a490174a961d9d0ac9efc44) Importer(815301076,1909f56bfc062723c751e8b465ee728b)
Start importing Assets/Main Cit/Slavic World Free/Resources/LOD3/EA03_Prop_House_Shutter_01d.fbx using Guid(7fe480ce6a490174a961d9d0ac9efc44) Importer(815301076,1909f56bfc062723c751e8b465ee728b)  -> (artifact id: '02c540c03866d4661cf5d0e7de50447f') in 0.069525 seconds 
========================================================================
Received Import Request.
  Time since last request: 0.000024 seconds.
  path: Assets/Main Cit/Slavic World Free/Resources/LOD3/EA03_Wooden_Pin_01a.fbx
  artifactKey: Guid(d7a9a566847b1d646a4668f092a170e4) Importer(815301076,1909f56bfc062723c751e8b465ee728b)
Start importing Assets/Main Cit/Slavic World Free/Resources/LOD3/EA03_Wooden_Pin_01a.fbx using Guid(d7a9a566847b1d646a4668f092a170e4) Importer(815301076,1909f56bfc062723c751e8b465ee728b)  -> (artifact id: '2fdc960134a9846c6f622f62c74edbc4') in 0.048976 seconds 
========================================================================
Received Import Request.
  Time since last request: 0.000030 seconds.
  path: Assets/Main Cit/Slavic World Free/Resources/LOD3/EA03_Plant_Grass_01d.fbx
  artifactKey: Guid(0112cde65927c774897cff6d38ff9663) Importer(815301076,1909f56bfc062723c751e8b465ee728b)
Start importing Assets/Main Cit/Slavic World Free/Resources/LOD3/EA03_Plant_Grass_01d.fbx using Guid(0112cde65927c774897cff6d38ff9663) Importer(815301076,1909f56bfc062723c751e8b465ee728b)  -> (artifact id: '98e6f6c799090b55991443daa6432eb0') in 0.069797 seconds 
========================================================================
Received Import Request.
  Time since last request: 0.000019 seconds.
  path: Assets/Main Cit/Slavic World Free/Resources/LOD3/EA03_Nature_TrunkPlant_01a.fbx
  artifactKey: Guid(6c18fd2532d959f4a9c4b5022ad24c64) Importer(815301076,1909f56bfc062723c751e8b465ee728b)
Start importing Assets/Main Cit/Slavic World Free/Resources/LOD3/EA03_Nature_TrunkPlant_01a.fbx using Guid(6c18fd2532d959f4a9c4b5022ad24c64) Importer(815301076,1909f56bfc062723c751e8b465ee728b)  -> (artifact id: '4703b71d2e04fc05c21ab79c08505825') in 0.063777 seconds 
========================================================================
Received Import Request.
  Time since last request: 0.000024 seconds.
  path: Assets/Main Cit/Slavic World Free/Resources/LOD3/EA03_Nature_Bush_03b.fbx
  artifactKey: Guid(b45c6067cba0be64ba98aa6096607aac) Importer(815301076,1909f56bfc062723c751e8b465ee728b)
Start importing Assets/Main Cit/Slavic World Free/Resources/LOD3/EA03_Nature_Bush_03b.fbx using Guid(b45c6067cba0be64ba98aa6096607aac) Importer(815301076,1909f56bfc062723c751e8b465ee728b)  -> (artifact id: '862919f589638044b53f5a31728e1a97') in 0.093062 seconds 
========================================================================
Received Import Request.
  Time since last request: 0.000033 seconds.
  path: Assets/Main Cit/Slavic World Free/Resources/LOD3/EA03_Nature_Solid_Flat_01a.fbx
  artifactKey: Guid(6e7a99b8221e3394a8e1594f3508c91b) Importer(815301076,1909f56bfc062723c751e8b465ee728b)
Start importing Assets/Main Cit/Slavic World Free/Resources/LOD3/EA03_Nature_Solid_Flat_01a.fbx using Guid(6e7a99b8221e3394a8e1594f3508c91b) Importer(815301076,1909f56bfc062723c751e8b465ee728b)  -> (artifact id: 'de0b4f6f5b65839bb8624150c42cb78e') in 0.076006 seconds 
========================================================================
Received Import Request.
  Time since last request: 0.000032 seconds.
  path: Assets/Main Cit/Slavic World Free/Resources/LOD3/EA_Items_House_cauldron_soup_01a.fbx
  artifactKey: Guid(eb40964df52421b4eb9f339426df2791) Importer(815301076,1909f56bfc062723c751e8b465ee728b)
Start importing Assets/Main Cit/Slavic World Free/Resources/LOD3/EA_Items_House_cauldron_soup_01a.fbx using Guid(eb40964df52421b4eb9f339426df2791) Importer(815301076,1909f56bfc062723c751e8b465ee728b)  -> (artifact id: 'dc56067b9aa11d509265033b8dd33189') in 0.103549 seconds 
========================================================================
Received Import Request.
  Time since last request: 0.000017 seconds.
  path: Assets/Main Cit/Slavic World Free/Resources/LOD3/EA_Items_House_mug_02a.fbx
  artifactKey: Guid(0ce66a9e7766dc7459519ea22d100950) Importer(815301076,1909f56bfc062723c751e8b465ee728b)
Start importing Assets/Main Cit/Slavic World Free/Resources/LOD3/EA_Items_House_mug_02a.fbx using Guid(0ce66a9e7766dc7459519ea22d100950) Importer(815301076,1909f56bfc062723c751e8b465ee728b)  -> (artifact id: '68fb3a3f1cb4ca4efa6de213efd5e127') in 0.311482 seconds 
========================================================================
Received Import Request.
  Time since last request: 0.000025 seconds.
  path: Assets/Main Cit/Slavic World Free/Resources/LOD3/EA_Items_House_bowl_metal_01c.fbx
  artifactKey: Guid(bb6405d0387f01a49a96a321a75e3ab9) Importer(815301076,1909f56bfc062723c751e8b465ee728b)
Start importing Assets/Main Cit/Slavic World Free/Resources/LOD3/EA_Items_House_bowl_metal_01c.fbx using Guid(bb6405d0387f01a49a96a321a75e3ab9) Importer(815301076,1909f56bfc062723c751e8b465ee728b)  -> (artifact id: 'b46e4df98bb9dfbf464b5def944566b6') in 0.087515 seconds 
========================================================================
Received Import Request.
  Time since last request: 0.000032 seconds.
  path: Assets/Main Cit/Slavic World Free/Resources/LOD3/EA03_Nature_Bush_03a.fbx
  artifactKey: Guid(30e1375e949f00e44a90e7371694ffff) Importer(815301076,1909f56bfc062723c751e8b465ee728b)
Start importing Assets/Main Cit/Slavic World Free/Resources/LOD3/EA03_Nature_Bush_03a.fbx using Guid(30e1375e949f00e44a90e7371694ffff) Importer(815301076,1909f56bfc062723c751e8b465ee728b)  -> (artifact id: 'ab9c54c57db7dff1d09ba788fde10709') in 0.076999 seconds 
========================================================================
Received Import Request.
  Time since last request: 0.000021 seconds.
  path: Assets/Main Cit/Slavic World Free/Resources/LOD3/EA03_Prop_Pier_04c.fbx
  artifactKey: Guid(5153584280d4f054389a1d693186807b) Importer(815301076,1909f56bfc062723c751e8b465ee728b)
Start importing Assets/Main Cit/Slavic World Free/Resources/LOD3/EA03_Prop_Pier_04c.fbx using Guid(5153584280d4f054389a1d693186807b) Importer(815301076,1909f56bfc062723c751e8b465ee728b)  -> (artifact id: '955487188397050e2bc9888c66086ac6') in 0.042366 seconds 
========================================================================
Received Import Request.
  Time since last request: 0.000022 seconds.
  path: Assets/Main Cit/Slavic World Free/Resources/LOD3/EA03_Prop_Shelf_01b.fbx
  artifactKey: Guid(703f93609c602a04e9323bea22985490) Importer(815301076,1909f56bfc062723c751e8b465ee728b)
Start importing Assets/Main Cit/Slavic World Free/Resources/LOD3/EA03_Prop_Shelf_01b.fbx using Guid(703f93609c602a04e9323bea22985490) Importer(815301076,1909f56bfc062723c751e8b465ee728b)  -> (artifact id: 'f763aa2a61999f0a70dbcaac45711442') in 0.057678 seconds 
========================================================================
Received Import Request.
  Time since last request: 0.000030 seconds.
  path: Assets/Main Cit/Slavic World Free/Material/EA03_LPNP-Slavika_Colorsheet_v1.mat
  artifactKey: Guid(af96a88a0e2b1cf4a99427ecf41ebbdd) Importer(815301076,1909f56bfc062723c751e8b465ee728b)
Start importing Assets/Main Cit/Slavic World Free/Material/EA03_LPNP-Slavika_Colorsheet_v1.mat using Guid(af96a88a0e2b1cf4a99427ecf41ebbdd) Importer(815301076,1909f56bfc062723c751e8b465ee728b)  -> (artifact id: '28ad41127006be2c362cfa0cb9e34907') in 0.019780 seconds 
========================================================================
Received Import Request.
  Time since last request: 0.000018 seconds.
  path: Assets/Main Cit/Slavic World Free/Material/Art_02.mat
  artifactKey: Guid(19f30ba0cc04af44ba2b498acb981acf) Importer(815301076,1909f56bfc062723c751e8b465ee728b)
Start importing Assets/Main Cit/Slavic World Free/Material/Art_02.mat using Guid(19f30ba0cc04af44ba2b498acb981acf) Importer(815301076,1909f56bfc062723c751e8b465ee728b)  -> (artifact id: '3a373a427b158b85dcab06048c871e03') in 0.013248 seconds 
========================================================================
Received Import Request.
  Time since last request: 0.000025 seconds.
  path: Assets/Main Cit/Slavic World Free/Material/EA03_LPNP - Grass.mat
  artifactKey: Guid(7a1160409d7033a4aa04f47785fdaa62) Importer(815301076,1909f56bfc062723c751e8b465ee728b)
Start importing Assets/Main Cit/Slavic World Free/Material/EA03_LPNP - Grass.mat using Guid(7a1160409d7033a4aa04f47785fdaa62) Importer(815301076,1909f56bfc062723c751e8b465ee728b)  -> (artifact id: '831bc5e23843f773b671daf58db80ec4') in 0.093569 seconds 
========================================================================
Received Import Request.
  Time since last request: 0.000033 seconds.
  path: Assets/Main Cit/Slavic World Free/Resources/LOD3/EA03_Prop_Tool_Stump_02a.fbx
  artifactKey: Guid(69b9fb8b93ab03b43b08cb7d05ad286e) Importer(815301076,1909f56bfc062723c751e8b465ee728b)
Start importing Assets/Main Cit/Slavic World Free/Resources/LOD3/EA03_Prop_Tool_Stump_02a.fbx using Guid(69b9fb8b93ab03b43b08cb7d05ad286e) Importer(815301076,1909f56bfc062723c751e8b465ee728b)  -> (artifact id: '576cf28d6d962185aa25bccf335271cf') in 0.056373 seconds 
Editor requested this worker to shutdown with reason: Scaling down because of idle timeout
AssetImportWorker is now disconnected from the server
Process exiting
Exiting without the bug reporter. Application will terminate with return code 0