Using pre-set license
Built from '2021.3/staging' branch; Version is '2021.3.11f1 (0a5ca18544bf) revision 679073'; Using compiler version '192829333'; Build Type 'Release'
OS: 'Windows 10  (10.0.19043) 64bit Professional' Language: 'pl' Physical Memory: 16257 MB
BatchMode: 1, IsHumanControllingUs: 0, StartBugReporterOnCrash: 0, Is64bit: 1, IsPro: 1

COMMAND LINE ARGUMENTS:
E:\UNITY\HUB\2021.3.11f1\Editor\Unity.exe
-adb2
-batchMode
-noUpm
-name
AssetImportWorker4
-projectPath
E:/UNITY/MyGames/Settler/Settler-The-Genesis
-logFile
Logs/AssetImportWorker4.log
-srvPort
57998
Successfully changed project path to: E:/UNITY/MyGames/Settler/Settler-The-Genesis
E:/UNITY/MyGames/Settler/Settler-The-Genesis
[UnityMemory] Configuration Parameters - Can be set up in boot.config
    "memorysetup-bucket-allocator-granularity=16"
    "memorysetup-bucket-allocator-bucket-count=8"
    "memorysetup-bucket-allocator-block-size=33554432"
    "memorysetup-bucket-allocator-block-count=8"
    "memorysetup-main-allocator-block-size=16777216"
    "memorysetup-thread-allocator-block-size=16777216"
    "memorysetup-gfx-main-allocator-block-size=16777216"
    "memorysetup-gfx-thread-allocator-block-size=16777216"
    "memorysetup-cache-allocator-block-size=4194304"
    "memorysetup-typetree-allocator-block-size=2097152"
    "memorysetup-profiler-bucket-allocator-granularity=16"
    "memorysetup-profiler-bucket-allocator-bucket-count=8"
    "memorysetup-profiler-bucket-allocator-block-size=33554432"
    "memorysetup-profiler-bucket-allocator-block-count=8"
    "memorysetup-profiler-allocator-block-size=16777216"
    "memorysetup-profiler-editor-allocator-block-size=1048576"
    "memorysetup-temp-allocator-size-main=16777216"
    "memorysetup-job-temp-allocator-block-size=2097152"
    "memorysetup-job-temp-allocator-block-size-background=1048576"
    "memorysetup-job-temp-allocator-reduction-small-platforms=262144"
    "memorysetup-temp-allocator-size-background-worker=32768"
    "memorysetup-temp-allocator-size-job-worker=262144"
    "memorysetup-temp-allocator-size-preload-manager=33554432"
    "memorysetup-temp-allocator-size-nav-mesh-worker=65536"
    "memorysetup-temp-allocator-size-audio-worker=65536"
    "memorysetup-temp-allocator-size-cloud-worker=32768"
    "memorysetup-temp-allocator-size-gi-baking-worker=262144"
    "memorysetup-temp-allocator-size-gfx=262144"
Refreshing native plugins compatible for Editor in 110.38 ms, found 3 plugins.
Preloading 0 native plugins for Editor in 0.00 ms.
Initialize engine version: 2021.3.11f1 (0a5ca18544bf)
[Subsystems] Discovering subsystems at path E:/UNITY/HUB/2021.3.11f1/Editor/Data/Resources/UnitySubsystems
[Subsystems] Discovering subsystems at path E:/UNITY/MyGames/Settler/Settler-The-Genesis/Assets
GfxDevice: creating device client; threaded=0; jobified=0
Direct3D:
    Version:  Direct3D 11.0 [level 11.1]
    Renderer: NVIDIA GeForce GTX 1050 Ti (ID=0x1c8c)
    Vendor:   NVIDIA
    VRAM:     4018 MB
    Driver:   27.21.14.5749
Initialize mono
Mono path[0] = 'E:/UNITY/HUB/2021.3.11f1/Editor/Data/Managed'
Mono path[1] = 'E:/UNITY/HUB/2021.3.11f1/Editor/Data/MonoBleedingEdge/lib/mono/unityjit-win32'
Mono config path = 'E:/UNITY/HUB/2021.3.11f1/Editor/Data/MonoBleedingEdge/etc'
Using monoOptions --debugger-agent=transport=dt_socket,embedding=1,server=y,suspend=n,address=127.0.0.1:56180
Begin MonoManager ReloadAssembly
Registering precompiled unity dll's ...
Register platform support module: E:/UNITY/HUB/2021.3.11f1/Editor/Data/PlaybackEngines/WebGLSupport/UnityEditor.WebGL.Extensions.dll
Register platform support module: E:/UNITY/HUB/2021.3.11f1/Editor/Data/PlaybackEngines/WindowsStandaloneSupport/UnityEditor.WindowsStandalone.Extensions.dll
Registered in 0.003439 seconds.
Native extension for WindowsStandalone target not found
Native extension for WebGL target not found
Refreshing native plugins compatible for Editor in 96.78 ms, found 3 plugins.
Preloading 0 native plugins for Editor in 0.00 ms.
Mono: successfully reloaded assembly
- Completed reload, in  0.718 seconds
Domain Reload Profiling:
	ReloadAssembly (718ms)
		BeginReloadAssembly (73ms)
			ExecutionOrderSort (0ms)
			DisableScriptedObjects (0ms)
			BackupInstance (0ms)
			ReleaseScriptingObjects (0ms)
			CreateAndSetChildDomain (1ms)
		EndReloadAssembly (537ms)
			LoadAssemblies (73ms)
			RebuildTransferFunctionScriptingTraits (0ms)
			SetupTypeCache (119ms)
			ReleaseScriptCaches (0ms)
			RebuildScriptCaches (33ms)
			SetupLoadedEditorAssemblies (330ms)
				LogAssemblyErrors (0ms)
				InitializePlatformSupportModulesInManaged (9ms)
				SetLoadedEditorAssemblies (0ms)
				RefreshPlugins (97ms)
				BeforeProcessingInitializeOnLoad (1ms)
				ProcessInitializeOnLoadAttributes (174ms)
				ProcessInitializeOnLoadMethodAttributes (48ms)
				AfterProcessingInitializeOnLoad (0ms)
				EditorAssembliesLoaded (0ms)
			ExecutionOrderSort2 (0ms)
			AwakeInstancesAfterBackupRestoration (0ms)
Platform modules already initialized, skipping
Registering precompiled user dll's ...
Registered in 0.004855 seconds.
Begin MonoManager ReloadAssembly
Symbol file LoadedFromMemory doesn't match image E:\UNITY\MyGames\Settler\Settler-The-Genesis\Library\PackageCache\com.unity.visualscripting@1.7.8\Editor\VisualScripting.Core\Dependencies\YamlDotNet\Unity.VisualScripting.YamlDotNet.dll
Symbol file LoadedFromMemory doesn't match image E:\UNITY\MyGames\Settler\Settler-The-Genesis\Library\PackageCache\com.unity.visualscripting@1.7.8\Editor\VisualScripting.Core\Dependencies\DotNetZip\Unity.VisualScripting.IonicZip.dll
Native extension for WindowsStandalone target not found
Native extension for WebGL target not found
Refreshing native plugins compatible for Editor in 0.64 ms, found 3 plugins.
Preloading 0 native plugins for Editor in 0.00 ms.
Mono: successfully reloaded assembly
- Completed reload, in  1.102 seconds
Domain Reload Profiling:
	ReloadAssembly (1103ms)
		BeginReloadAssembly (116ms)
			ExecutionOrderSort (0ms)
			DisableScriptedObjects (6ms)
			BackupInstance (0ms)
			ReleaseScriptingObjects (0ms)
			CreateAndSetChildDomain (21ms)
		EndReloadAssembly (872ms)
			LoadAssemblies (80ms)
			RebuildTransferFunctionScriptingTraits (0ms)
			SetupTypeCache (295ms)
			ReleaseScriptCaches (1ms)
			RebuildScriptCaches (54ms)
			SetupLoadedEditorAssemblies (403ms)
				LogAssemblyErrors (0ms)
				InitializePlatformSupportModulesInManaged (6ms)
				SetLoadedEditorAssemblies (1ms)
				RefreshPlugins (1ms)
				BeforeProcessingInitializeOnLoad (99ms)
				ProcessInitializeOnLoadAttributes (263ms)
				ProcessInitializeOnLoadMethodAttributes (30ms)
				AfterProcessingInitializeOnLoad (3ms)
				EditorAssembliesLoaded (0ms)
			ExecutionOrderSort2 (0ms)
			AwakeInstancesAfterBackupRestoration (7ms)
Platform modules already initialized, skipping
========================================================================
Worker process is ready to serve import requests
Launched and connected shader compiler UnityShaderCompiler.exe after 0.06 seconds
Refreshing native plugins compatible for Editor in 0.57 ms, found 3 plugins.
Preloading 0 native plugins for Editor in 0.00 ms.
Unloading 3380 Unused Serialized files (Serialized files now loaded: 0)
Unloading 27 unused Assets / (113.5 KB). Loaded Objects now: 3838.
Memory consumption went from 116.3 MB to 116.2 MB.
Total: 4.404100 ms (FindLiveObjects: 0.465100 ms CreateObjectMapping: 0.330200 ms MarkObjects: 3.503100 ms  DeleteObjects: 0.104800 ms)

AssetImportParameters requested are different than current active one (requested -> active):
  custom:video-decoder-ogg-theora: a1e56fd34408186e4bbccfd4996cb3dc -> 
  custom:container-muxer-webm: aa71ff27fc2769a1b78a27578f13a17b -> 
  custom:container-demuxer-webm: 4f35f7cbe854078d1ac9338744f61a02 -> 
  custom:video-encoder-webm-vp8: eb34c28f22e8b96e1ab97ce403110664 -> 
  custom:audio-encoder-webm-vorbis: bf7c407c2cedff20999df2af8eb42d56 -> 
  custom:framework-win-MediaFoundation: 216162199b28c13a410421893ffa2e32 -> 
  custom:container-demuxer-ogg: 62fdf1f143b41e24485cea50d1cbac27 -> 
  custom:video-decoder-webm-vp8: 9c59270c3fd7afecdb556c50c9e8de78 -> 
  custom:audio-decoder-ogg-vorbis: bf7c407c2cedff20999df2af8eb42d56 -> 
========================================================================
Received Import Request.
  Time since last request: 160141.429126 seconds.
  path: Assets/RPGPP_LT/Prefabs/Structures/Parts/Wood_path
  artifactKey: Guid(922a8b08dfab11944b459f549979fcaa) Importer(815301076,1909f56bfc062723c751e8b465ee728b)
Start importing Assets/RPGPP_LT/Prefabs/Structures/Parts/Wood_path using Guid(922a8b08dfab11944b459f549979fcaa) Importer(815301076,1909f56bfc062723c751e8b465ee728b)  -> (artifact id: '1e7e378ba582044e91c4c9907244a804') in 0.014735 seconds 
========================================================================
Received Import Request.
  Time since last request: 0.364111 seconds.
  path: Assets/RPGPP_LT/Prefabs/Structures/Parts/Wood_path/rpgpp_lt_wood_path_01a.prefab
  artifactKey: Guid(c96016c34e7be62488e588470988ef5b) Importer(815301076,1909f56bfc062723c751e8b465ee728b)
Start importing Assets/RPGPP_LT/Prefabs/Structures/Parts/Wood_path/rpgpp_lt_wood_path_01a.prefab using Guid(c96016c34e7be62488e588470988ef5b) Importer(815301076,1909f56bfc062723c751e8b465ee728b)  -> (artifact id: '815209b63398b074ae79997d6d70fccb') in 0.148202 seconds 
========================================================================
Received Import Request.
  Time since last request: 5.214169 seconds.
  path: Assets/RPGPP_LT/Prefabs/Props/Wall_decor
  artifactKey: Guid(ca9f035d49c5db74a8feb6a3d797049f) Importer(815301076,1909f56bfc062723c751e8b465ee728b)
Start importing Assets/RPGPP_LT/Prefabs/Props/Wall_decor using Guid(ca9f035d49c5db74a8feb6a3d797049f) Importer(815301076,1909f56bfc062723c751e8b465ee728b)  -> (artifact id: 'd84e061beedc0d2571445a435ff296ab') in 0.010175 seconds 
========================================================================
Received Import Request.
  Time since last request: 0.814526 seconds.
  path: Assets/RPGPP_LT/Prefabs/Props/Wall_decor/Shields
  artifactKey: Guid(da9c312667c8c3e4b96d68633b05f959) Importer(815301076,1909f56bfc062723c751e8b465ee728b)
Start importing Assets/RPGPP_LT/Prefabs/Props/Wall_decor/Shields using Guid(da9c312667c8c3e4b96d68633b05f959) Importer(815301076,1909f56bfc062723c751e8b465ee728b)  -> (artifact id: '3541e79f3d4ac3807abec115e12033d9') in 0.008092 seconds 
========================================================================
Received Import Request.
  Time since last request: 0.074611 seconds.
  path: Assets/RPGPP_LT/Prefabs/Props/Wall_decor/Shields/rpgpp_lt_shield_wall_01a.prefab
  artifactKey: Guid(37435aefe5da6f74f8b28c81bb4ffad4) Importer(815301076,1909f56bfc062723c751e8b465ee728b)
Start importing Assets/RPGPP_LT/Prefabs/Props/Wall_decor/Shields/rpgpp_lt_shield_wall_01a.prefab using Guid(37435aefe5da6f74f8b28c81bb4ffad4) Importer(815301076,1909f56bfc062723c751e8b465ee728b)  -> (artifact id: '889260dc12ec34c541dc0a958fd3eb3f') in 0.017908 seconds 
========================================================================
Received Import Request.
  Time since last request: 0.979235 seconds.
  path: Assets/RPGPP_LT/Prefabs/Props/Wall_decor/Banners/rpgpp_lt_banner_01a.prefab
  artifactKey: Guid(e1032c9b5d7d362489670d42997dceb5) Importer(815301076,1909f56bfc062723c751e8b465ee728b)
Start importing Assets/RPGPP_LT/Prefabs/Props/Wall_decor/Banners/rpgpp_lt_banner_01a.prefab using Guid(e1032c9b5d7d362489670d42997dceb5) Importer(815301076,1909f56bfc062723c751e8b465ee728b)  -> (artifact id: '2869b809f1c57b5ab12c867519c2dba3') in 0.020430 seconds 
========================================================================
Received Import Request.
  Time since last request: 1.413791 seconds.
  path: Assets/RPGPP_LT/Prefabs/Props/Misc/rpgpp_lt_bird_house_01.prefab
  artifactKey: Guid(7689b2d5def66f04eb3b0905d7b65084) Importer(815301076,1909f56bfc062723c751e8b465ee728b)
Start importing Assets/RPGPP_LT/Prefabs/Props/Misc/rpgpp_lt_bird_house_01.prefab using Guid(7689b2d5def66f04eb3b0905d7b65084) Importer(815301076,1909f56bfc062723c751e8b465ee728b)  -> (artifact id: 'a22d985f155ceb8786e3d4e09fb211b2') in 0.025338 seconds 
========================================================================
Received Prepare
Registering precompiled user dll's ...
Registered in 0.008792 seconds.
Begin MonoManager ReloadAssembly
Symbol file LoadedFromMemory doesn't match image E:\UNITY\MyGames\Settler\Settler-The-Genesis\Library\PackageCache\com.unity.visualscripting@1.7.8\Editor\VisualScripting.Core\Dependencies\YamlDotNet\Unity.VisualScripting.YamlDotNet.dll
Symbol file LoadedFromMemory doesn't match image E:\UNITY\MyGames\Settler\Settler-The-Genesis\Library\PackageCache\com.unity.visualscripting@1.7.8\Editor\VisualScripting.Core\Dependencies\DotNetZip\Unity.VisualScripting.IonicZip.dll
Native extension for WindowsStandalone target not found
Native extension for WebGL target not found
Refreshing native plugins compatible for Editor in 1.00 ms, found 3 plugins.
Preloading 0 native plugins for Editor in 0.00 ms.
Mono: successfully reloaded assembly
- Completed reload, in  2.082 seconds
Domain Reload Profiling:
	ReloadAssembly (2085ms)
		BeginReloadAssembly (233ms)
			ExecutionOrderSort (0ms)
			DisableScriptedObjects (11ms)
			BackupInstance (0ms)
			ReleaseScriptingObjects (0ms)
			CreateAndSetChildDomain (64ms)
		EndReloadAssembly (1639ms)
			LoadAssemblies (144ms)
			RebuildTransferFunctionScriptingTraits (0ms)
			SetupTypeCache (693ms)
			ReleaseScriptCaches (2ms)
			RebuildScriptCaches (96ms)
			SetupLoadedEditorAssemblies (613ms)
				LogAssemblyErrors (0ms)
				InitializePlatformSupportModulesInManaged (24ms)
				SetLoadedEditorAssemblies (1ms)
				RefreshPlugins (1ms)
				BeforeProcessingInitializeOnLoad (138ms)
				ProcessInitializeOnLoadAttributes (363ms)
				ProcessInitializeOnLoadMethodAttributes (74ms)
				AfterProcessingInitializeOnLoad (11ms)
				EditorAssembliesLoaded (0ms)
			ExecutionOrderSort2 (0ms)
			AwakeInstancesAfterBackupRestoration (14ms)
Platform modules already initialized, skipping
Refreshing native plugins compatible for Editor in 1.69 ms, found 3 plugins.
Preloading 0 native plugins for Editor in 0.00 ms.
Unloading 3380 Unused Serialized files (Serialized files now loaded: 0)
Unloading 22 unused Assets / (0.9 MB). Loaded Objects now: 3852.
Memory consumption went from 122.2 MB to 121.3 MB.
Total: 3.190800 ms (FindLiveObjects: 0.249100 ms CreateObjectMapping: 0.151400 ms MarkObjects: 2.421300 ms  DeleteObjects: 0.368300 ms)

AssetImportParameters requested are different than current active one (requested -> active):
  custom:video-decoder-ogg-theora: a1e56fd34408186e4bbccfd4996cb3dc -> 
  custom:container-muxer-webm: aa71ff27fc2769a1b78a27578f13a17b -> 
  custom:container-demuxer-webm: 4f35f7cbe854078d1ac9338744f61a02 -> 
  custom:video-encoder-webm-vp8: eb34c28f22e8b96e1ab97ce403110664 -> 
  custom:audio-encoder-webm-vorbis: bf7c407c2cedff20999df2af8eb42d56 -> 
  custom:framework-win-MediaFoundation: 216162199b28c13a410421893ffa2e32 -> 
  custom:container-demuxer-ogg: 62fdf1f143b41e24485cea50d1cbac27 -> 
  custom:video-decoder-webm-vp8: 9c59270c3fd7afecdb556c50c9e8de78 -> 
  custom:audio-decoder-ogg-vorbis: bf7c407c2cedff20999df2af8eb42d56 -> 
========================================================================
Received Import Request.
  Time since last request: 84.782135 seconds.
  path: Assets/Polytope Studio/Lowpoly Medieval Characters/Prefabs
  artifactKey: Guid(7861de420002c8a4fbe5df2a338397db) Importer(815301076,1909f56bfc062723c751e8b465ee728b)
Start importing Assets/Polytope Studio/Lowpoly Medieval Characters/Prefabs using Guid(7861de420002c8a4fbe5df2a338397db) Importer(815301076,1909f56bfc062723c751e8b465ee728b)  -> (artifact id: '47733912c7b86bda7dfd02d14f5a5ef9') in 0.013579 seconds 
========================================================================
Received Import Request.
  Time since last request: 0.695592 seconds.
  path: Assets/Polytope Studio/Lowpoly Medieval Characters/Prefabs/Modular_NPC
  artifactKey: Guid(77b08afb7843c394e86c073cce4beb57) Importer(815301076,1909f56bfc062723c751e8b465ee728b)
Start importing Assets/Polytope Studio/Lowpoly Medieval Characters/Prefabs/Modular_NPC using Guid(77b08afb7843c394e86c073cce4beb57) Importer(815301076,1909f56bfc062723c751e8b465ee728b)  -> (artifact id: '68f13f5735e17eb33f1478dcd98be0ee') in 0.008345 seconds 
========================================================================
Received Import Request.
  Time since last request: 0.654889 seconds.
  path: Assets/Polytope Studio/Lowpoly Medieval Characters/Prefabs/Modular_NPC/Peasants_Citizens
  artifactKey: Guid(ef171c9e80649f54cbcd1f3faa867b50) Importer(815301076,1909f56bfc062723c751e8b465ee728b)
Start importing Assets/Polytope Studio/Lowpoly Medieval Characters/Prefabs/Modular_NPC/Peasants_Citizens using Guid(ef171c9e80649f54cbcd1f3faa867b50) Importer(815301076,1909f56bfc062723c751e8b465ee728b)  -> (artifact id: 'd2921ead6b005d794d25f088b41d66cd') in 0.007913 seconds 
========================================================================
Received Import Request.
  Time since last request: 0.047686 seconds.
  path: Assets/Polytope Studio/Lowpoly Medieval Characters/Prefabs/Modular_NPC/Peasants_Citizens/PT_Medieval_Boy_Modular_Free_Pack.prefab
  artifactKey: Guid(0da600d002dc6404693c3b74e0265a3c) Importer(815301076,1909f56bfc062723c751e8b465ee728b)
Start importing Assets/Polytope Studio/Lowpoly Medieval Characters/Prefabs/Modular_NPC/Peasants_Citizens/PT_Medieval_Boy_Modular_Free_Pack.prefab using Guid(0da600d002dc6404693c3b74e0265a3c) Importer(815301076,1909f56bfc062723c751e8b465ee728b)  -> (artifact id: '35054dfeaa59a1e2767d3472d706d335') in 2.481375 seconds 
========================================================================
Received Import Request.
  Time since last request: 0.000028 seconds.
  path: Assets/Polytope Studio/Lowpoly Medieval Characters/Prefabs/Modular_NPC/Peasants_Citizens/Sets/PT_Medieval_Female_Naked.prefab
  artifactKey: Guid(e0b6d34d39c75f74e88518596625a130) Importer(815301076,1909f56bfc062723c751e8b465ee728b)
Start importing Assets/Polytope Studio/Lowpoly Medieval Characters/Prefabs/Modular_NPC/Peasants_Citizens/Sets/PT_Medieval_Female_Naked.prefab using Guid(e0b6d34d39c75f74e88518596625a130) Importer(815301076,1909f56bfc062723c751e8b465ee728b)  -> (artifact id: 'd5ec2581ff0ce599a5f2bd86f30f4d28') in 0.043778 seconds 
========================================================================
Received Import Request.
  Time since last request: 0.000076 seconds.
  path: Assets/Polytope Studio/Lowpoly Medieval Characters/Prefabs/Modular_NPC/Peasants_Citizens/Sets/PT_Medieval_Male_Peasant_01.prefab
  artifactKey: Guid(c2af11c01d1176e4d98619176b00d199) Importer(815301076,1909f56bfc062723c751e8b465ee728b)
Start importing Assets/Polytope Studio/Lowpoly Medieval Characters/Prefabs/Modular_NPC/Peasants_Citizens/Sets/PT_Medieval_Male_Peasant_01.prefab using Guid(c2af11c01d1176e4d98619176b00d199) Importer(815301076,1909f56bfc062723c751e8b465ee728b)  -> (artifact id: '0044ceedcc7a521339c982985a88dae1') in 0.060009 seconds 
========================================================================
Received Import Request.
  Time since last request: 0.000082 seconds.
  path: Assets/Polytope Studio/Lowpoly Medieval Characters/Prefabs/Modular_NPC/Peasants_Citizens/Sets
  artifactKey: Guid(3f02a3be934dd204799ade6060ee062f) Importer(815301076,1909f56bfc062723c751e8b465ee728b)
Start importing Assets/Polytope Studio/Lowpoly Medieval Characters/Prefabs/Modular_NPC/Peasants_Citizens/Sets using Guid(3f02a3be934dd204799ade6060ee062f) Importer(815301076,1909f56bfc062723c751e8b465ee728b)  -> (artifact id: 'b717134ec88c5056eff3ab6200ac4f37') in 0.014952 seconds 
========================================================================
Received Import Request.
  Time since last request: 0.000032 seconds.
  path: Assets/Polytope Studio/Lowpoly Medieval Characters/Prefabs/Modular_NPC/Peasants_Citizens/Sets/PT_Medieval_Female_Peasant_01_b.prefab
  artifactKey: Guid(bc29bbb29749f824285ece7b3ecb5362) Importer(815301076,1909f56bfc062723c751e8b465ee728b)
Start importing Assets/Polytope Studio/Lowpoly Medieval Characters/Prefabs/Modular_NPC/Peasants_Citizens/Sets/PT_Medieval_Female_Peasant_01_b.prefab using Guid(bc29bbb29749f824285ece7b3ecb5362) Importer(815301076,1909f56bfc062723c751e8b465ee728b)  -> (artifact id: 'b46ed8910eca2356c1ae1a3ead950e07') in 0.046411 seconds 
========================================================================
Received Import Request.
  Time since last request: 0.000028 seconds.
  path: Assets/Polytope Studio/Lowpoly Medieval Characters/Prefabs/Modular_NPC/Peasants_Citizens/Sets/PT_Medieval_Boy_Peasant_01.prefab
  artifactKey: Guid(2b56fc50dbd0b6d42953bc45b0f0622d) Importer(815301076,1909f56bfc062723c751e8b465ee728b)
Start importing Assets/Polytope Studio/Lowpoly Medieval Characters/Prefabs/Modular_NPC/Peasants_Citizens/Sets/PT_Medieval_Boy_Peasant_01.prefab using Guid(2b56fc50dbd0b6d42953bc45b0f0622d) Importer(815301076,1909f56bfc062723c751e8b465ee728b)  -> (artifact id: '9330111e3735085c574d916230f2cc7b') in 0.033727 seconds 
========================================================================
Received Import Request.
  Time since last request: 6.644038 seconds.
  path: Assets/Polytope Studio/Lowpoly Medieval Characters/Prefabs/Modular_NPC/Peasants_Citizens/Separate_Parts/PT_Medieval_Boy_Naked_head.prefab
  artifactKey: Guid(f1c2f758fa1d188498353bf7992d6b20) Importer(815301076,1909f56bfc062723c751e8b465ee728b)
Start importing Assets/Polytope Studio/Lowpoly Medieval Characters/Prefabs/Modular_NPC/Peasants_Citizens/Separate_Parts/PT_Medieval_Boy_Naked_head.prefab using Guid(f1c2f758fa1d188498353bf7992d6b20) Importer(815301076,1909f56bfc062723c751e8b465ee728b)  -> (artifact id: 'c6fc63e5b9aff3ea29f8c923ced43fca') in 0.019745 seconds 
========================================================================
Received Import Request.
  Time since last request: 0.000025 seconds.
  path: Assets/Polytope Studio/Lowpoly Medieval Characters/Prefabs/Modular_NPC/Peasants_Citizens/Separate_Parts/PT_Medieval_Male_Naked_lower.prefab
  artifactKey: Guid(f7a9d7788cf83f44496e5f7ede0189ca) Importer(815301076,1909f56bfc062723c751e8b465ee728b)
Start importing Assets/Polytope Studio/Lowpoly Medieval Characters/Prefabs/Modular_NPC/Peasants_Citizens/Separate_Parts/PT_Medieval_Male_Naked_lower.prefab using Guid(f7a9d7788cf83f44496e5f7ede0189ca) Importer(815301076,1909f56bfc062723c751e8b465ee728b)  -> (artifact id: 'b78a3266595afe4e010098ac2d192bc8') in 0.025300 seconds 
========================================================================
Received Import Request.
  Time since last request: 0.000027 seconds.
  path: Assets/Polytope Studio/Lowpoly Medieval Characters/Prefabs/Modular_NPC/Peasants_Citizens/Separate_Parts/PT_Medieval_Male_Naked_upper.prefab
  artifactKey: Guid(43520dbe5c5715a4a836f741be969dd9) Importer(815301076,1909f56bfc062723c751e8b465ee728b)
Start importing Assets/Polytope Studio/Lowpoly Medieval Characters/Prefabs/Modular_NPC/Peasants_Citizens/Separate_Parts/PT_Medieval_Male_Naked_upper.prefab using Guid(43520dbe5c5715a4a836f741be969dd9) Importer(815301076,1909f56bfc062723c751e8b465ee728b)  -> (artifact id: '1b7385a884db4fa1b0298d33e95dcb9b') in 0.027759 seconds 
========================================================================
Received Import Request.
  Time since last request: 0.000056 seconds.
  path: Assets/Polytope Studio/Lowpoly Medieval Characters/Prefabs/Modular_NPC/Peasants_Citizens/Separate_Parts/PT_Medieval_Male_Peasant_01_lower.prefab
  artifactKey: Guid(546df2ce51094d145811059b4e25f487) Importer(815301076,1909f56bfc062723c751e8b465ee728b)
Start importing Assets/Polytope Studio/Lowpoly Medieval Characters/Prefabs/Modular_NPC/Peasants_Citizens/Separate_Parts/PT_Medieval_Male_Peasant_01_lower.prefab using Guid(546df2ce51094d145811059b4e25f487) Importer(815301076,1909f56bfc062723c751e8b465ee728b)  -> (artifact id: 'b994af28522f86cc90e555b5c831ada7') in 0.039362 seconds 
========================================================================
Received Import Request.
  Time since last request: 0.000041 seconds.
  path: Assets/Polytope Studio/Lowpoly Medieval Characters/Prefabs/Modular_NPC/Peasants_Citizens/Separate_Parts/PT_Medieval_Boy_Peasant_01_upper.prefab
  artifactKey: Guid(36bd3efb4c31ffc4a88d1aededf9e20f) Importer(815301076,1909f56bfc062723c751e8b465ee728b)
Start importing Assets/Polytope Studio/Lowpoly Medieval Characters/Prefabs/Modular_NPC/Peasants_Citizens/Separate_Parts/PT_Medieval_Boy_Peasant_01_upper.prefab using Guid(36bd3efb4c31ffc4a88d1aededf9e20f) Importer(815301076,1909f56bfc062723c751e8b465ee728b)  -> (artifact id: '4544562ac140a1eb3c8c832c081f0de0') in 0.047310 seconds 
========================================================================
Received Import Request.
  Time since last request: 0.000026 seconds.
  path: Assets/Polytope Studio/Lowpoly Medieval Characters/Prefabs/Modular_NPC/Peasants_Citizens/Separate_Parts/PT_Medieval_Male_Peasant_01_upper.prefab
  artifactKey: Guid(03ccc7f7b709d9f44b80a7e8d976a796) Importer(815301076,1909f56bfc062723c751e8b465ee728b)
Start importing Assets/Polytope Studio/Lowpoly Medieval Characters/Prefabs/Modular_NPC/Peasants_Citizens/Separate_Parts/PT_Medieval_Male_Peasant_01_upper.prefab using Guid(03ccc7f7b709d9f44b80a7e8d976a796) Importer(815301076,1909f56bfc062723c751e8b465ee728b)  -> (artifact id: '6ffc90c1abbe11293e8d99a0654ef47b') in 0.031328 seconds 
========================================================================
Received Import Request.
  Time since last request: 0.000032 seconds.
  path: Assets/Polytope Studio/Lowpoly Medieval Characters/Prefabs/Modular_NPC/Peasants_Citizens/Separate_Parts/PT_Medieval_Male_Naked_head.prefab
  artifactKey: Guid(59e0d7646c13cfd41867f3617de61055) Importer(815301076,1909f56bfc062723c751e8b465ee728b)
Start importing Assets/Polytope Studio/Lowpoly Medieval Characters/Prefabs/Modular_NPC/Peasants_Citizens/Separate_Parts/PT_Medieval_Male_Naked_head.prefab using Guid(59e0d7646c13cfd41867f3617de61055) Importer(815301076,1909f56bfc062723c751e8b465ee728b)  -> (artifact id: '844cdc707d2fe63037ae6ae0391f8971') in 0.045502 seconds 
========================================================================
Received Import Request.
  Time since last request: 0.000044 seconds.
  path: Assets/Polytope Studio/Lowpoly Medieval Characters/Prefabs/Modular_NPC/Peasants_Citizens/Separate_Parts/PT_Medieval_Female_Peasant_01_head.prefab
  artifactKey: Guid(52aaa8c938ee30b4bb34c8441adf9673) Importer(815301076,1909f56bfc062723c751e8b465ee728b)
Start importing Assets/Polytope Studio/Lowpoly Medieval Characters/Prefabs/Modular_NPC/Peasants_Citizens/Separate_Parts/PT_Medieval_Female_Peasant_01_head.prefab using Guid(52aaa8c938ee30b4bb34c8441adf9673) Importer(815301076,1909f56bfc062723c751e8b465ee728b)  -> (artifact id: '0d2a737573c45e0bc6858523aa860756') in 0.068004 seconds 
========================================================================
Received Import Request.
  Time since last request: 2.129096 seconds.
  path: Assets/Polytope Studio/Lowpoly Medieval Demos/Peasants_Free_Asset
  artifactKey: Guid(8759eee2450edd64d8bd23355b70f71f) Importer(815301076,1909f56bfc062723c751e8b465ee728b)
Start importing Assets/Polytope Studio/Lowpoly Medieval Demos/Peasants_Free_Asset using Guid(8759eee2450edd64d8bd23355b70f71f) Importer(815301076,1909f56bfc062723c751e8b465ee728b)  -> (artifact id: '56902e963cfb657ba891e692b6f5f287') in 0.008379 seconds 
========================================================================
Received Import Request.
  Time since last request: 0.038407 seconds.
  path: Assets/Polytope Studio/Lowpoly Medieval Demos/Peasants_Free_Asset/Free_Character_Demo.asset
  artifactKey: Guid(0ec13f7d513699d4d96521abab3d374d) Importer(815301076,1909f56bfc062723c751e8b465ee728b)
Start importing Assets/Polytope Studio/Lowpoly Medieval Demos/Peasants_Free_Asset/Free_Character_Demo.asset using Guid(0ec13f7d513699d4d96521abab3d374d) Importer(815301076,1909f56bfc062723c751e8b465ee728b)  -> (artifact id: '5e981757738dc0e4c3bcea8d57112571') in 0.010263 seconds 
========================================================================
Received Import Request.
  Time since last request: 0.095391 seconds.
  path: Assets/Polytope Studio/Lowpoly Medieval Demos/Peasants_Free_Asset/New Terrain.asset
  artifactKey: Guid(0b3365b61e7beaa44a5f0a5bc442c85f) Importer(815301076,1909f56bfc062723c751e8b465ee728b)
Start importing Assets/Polytope Studio/Lowpoly Medieval Demos/Peasants_Free_Asset/New Terrain.asset using Guid(0b3365b61e7beaa44a5f0a5bc442c85f) Importer(815301076,1909f56bfc062723c751e8b465ee728b)  -> (artifact id: 'c79115e3a2e9ca1bdf00926d4937293f') in 0.195462 seconds 
========================================================================
Received Import Request.
  Time since last request: 0.000036 seconds.
  path: Assets/Polytope Studio/Lowpoly Medieval Demos/Peasants_Free_Asset/Skybox.mat
  artifactKey: Guid(a645f793536a4674b920d2aa358beb7c) Importer(815301076,1909f56bfc062723c751e8b465ee728b)
Start importing Assets/Polytope Studio/Lowpoly Medieval Demos/Peasants_Free_Asset/Skybox.mat using Guid(a645f793536a4674b920d2aa358beb7c) Importer(815301076,1909f56bfc062723c751e8b465ee728b)  -> (artifact id: '49513abe59500615a35b4f7d0403c36b') in 0.167150 seconds 
========================================================================
Received Import Request.
  Time since last request: 1.112669 seconds.
  path: Assets/Polytope Studio/Lowpoly Medieval Demos/Peasants_Free_Asset/Prefabs
  artifactKey: Guid(f2e12b75d09a706418c114d6615f2e93) Importer(815301076,1909f56bfc062723c751e8b465ee728b)
Start importing Assets/Polytope Studio/Lowpoly Medieval Demos/Peasants_Free_Asset/Prefabs using Guid(f2e12b75d09a706418c114d6615f2e93) Importer(815301076,1909f56bfc062723c751e8b465ee728b)  -> (artifact id: '9d41e111da3ed057c27e0bff7a6145c8') in 0.002176 seconds 
========================================================================
Received Import Request.
  Time since last request: 0.038964 seconds.
  path: Assets/Polytope Studio/Lowpoly Medieval Demos/Peasants_Free_Asset/Prefabs/PT_Medieval_Hayfork_011.prefab
  artifactKey: Guid(729cc6609d136e14183aa36295931d90) Importer(815301076,1909f56bfc062723c751e8b465ee728b)
Start importing Assets/Polytope Studio/Lowpoly Medieval Demos/Peasants_Free_Asset/Prefabs/PT_Medieval_Hayfork_011.prefab using Guid(729cc6609d136e14183aa36295931d90) Importer(815301076,1909f56bfc062723c751e8b465ee728b)  -> (artifact id: 'e2103867f5cb146f4c17dc77276d041f') in 0.034571 seconds 
========================================================================
Received Import Request.
  Time since last request: 0.000023 seconds.
  path: Assets/Polytope Studio/Lowpoly Medieval Demos/Peasants_Free_Asset/Prefabs/PT_Medieval_Rock_6.prefab
  artifactKey: Guid(6eef838eb20a63d49a41b9e7b029c4cf) Importer(815301076,1909f56bfc062723c751e8b465ee728b)
Start importing Assets/Polytope Studio/Lowpoly Medieval Demos/Peasants_Free_Asset/Prefabs/PT_Medieval_Rock_6.prefab using Guid(6eef838eb20a63d49a41b9e7b029c4cf) Importer(815301076,1909f56bfc062723c751e8b465ee728b)  -> (artifact id: '2d6b036720eaa7def1e02155a882fbec') in 0.026374 seconds 
========================================================================
Received Import Request.
  Time since last request: 0.000054 seconds.
  path: Assets/Polytope Studio/Lowpoly Medieval Demos/Peasants_Free_Asset/Prefabs/PT_Medieval_Tree_1 (1).prefab
  artifactKey: Guid(960e7a3000a6ba740a72174d5558e00b) Importer(815301076,1909f56bfc062723c751e8b465ee728b)
Start importing Assets/Polytope Studio/Lowpoly Medieval Demos/Peasants_Free_Asset/Prefabs/PT_Medieval_Tree_1 (1).prefab using Guid(960e7a3000a6ba740a72174d5558e00b) Importer(815301076,1909f56bfc062723c751e8b465ee728b)  -> (artifact id: '76fc6f16636b45ce802d84346f6d8c15') in 0.045144 seconds 
Editor requested this worker to shutdown with reason: Scaling down because of idle timeout
AssetImportWorker is now disconnected from the server
Process exiting
Exiting without the bug reporter. Application will terminate with return code 0